GROUP,PACKAGE,CLASS,INSTRUCTION_MISSED,INSTRUCTION_COVERED,BRANCH_MISSED,BRANCH_COVERED,LINE_MISSED,LINE_COVERED,COMPLEXITY_MISSED,COMPLEXITY_COVERED,METHOD_MISSED,METHOD_COVERED
SPDX tools,org.spdx.spdxspreadsheet,NonStandardLicensesSheet,30,0,2,0,8,0,4,0,3,0
SPDX tools,org.spdx.spdxspreadsheet,AbstractSpreadsheet,144,0,14,0,48,0,11,0,4,0
SPDX tools,org.spdx.spdxspreadsheet,PerFileSheetV2d2,1380,0,176,0,230,0,97,0,9,0
SPDX tools,org.spdx.spdxspreadsheet,PerFileSheetV2d0,1324,0,168,0,223,0,93,0,9,0
SPDX tools,org.spdx.spdxspreadsheet,PerFileSheetV09d3,773,0,94,0,143,0,55,0,8,0
SPDX tools,org.spdx.spdxspreadsheet,AbstractSheet,471,0,40,0,125,0,33,0,13,0
SPDX tools,org.spdx.spdxspreadsheet,PerFileSheet,127,0,8,0,33,0,9,0,5,0
SPDX tools,org.spdx.spdxspreadsheet,OriginsSheetV0d9d4,704,0,74,0,158,0,69,0,32,0
SPDX tools,org.spdx.spdxspreadsheet,PerFileSheetV1d2,1213,0,150,0,208,0,84,0,9,0
SPDX tools,org.spdx.spdxspreadsheet,PerFileSheetV1d1,837,0,100,0,149,0,58,0,8,0
SPDX tools,org.spdx.spdxspreadsheet,ExternalRefsSheet,581,0,78,0,130,0,48,0,9,0
SPDX tools,org.spdx.spdxspreadsheet,AnnotationsSheet,469,0,60,0,94,0,38,0,8,0
SPDX tools,org.spdx.spdxspreadsheet,NonStandardLicensesSheetV1d1,564,0,78,0,122,0,50,0,11,0
SPDX tools,org.spdx.spdxspreadsheet,RelationshipsSheet,466,0,62,0,98,0,39,0,8,0
SPDX tools,org.spdx.spdxspreadsheet,SPDXSpreadsheet,467,0,56,0,134,0,57,0,29,0
SPDX tools,org.spdx.spdxspreadsheet,PackageInfoSheet,131,0,20,0,27,0,14,0,4,0
SPDX tools,org.spdx.spdxspreadsheet,InvalidLicenseStringException,0,9,0,0,0,4,0,2,0,2
SPDX tools,org.spdx.spdxspreadsheet,PackageInfoSheetV09d2,1076,0,108,0,190,0,62,0,8,0
SPDX tools,org.spdx.spdxspreadsheet,PackageInfoSheetV2d1,1531,0,184,0,284,0,100,0,8,0
SPDX tools,org.spdx.spdxspreadsheet,PackageInfoSheetV2d0,1378,0,154,0,251,0,85,0,8,0
SPDX tools,org.spdx.spdxspreadsheet,PackageInfoSheetV09d3,1238,0,144,0,222,0,80,0,8,0
SPDX tools,org.spdx.spdxspreadsheet,PackageInfoSheetV2d2,1574,0,190,0,292,0,103,0,8,0
SPDX tools,org.spdx.spdxspreadsheet,SnippetSheet,1211,0,150,0,257,0,84,0,9,0
SPDX tools,org.spdx.spdxspreadsheet,DocumentInfoSheet,160,0,18,0,40,0,19,0,10,0
SPDX tools,org.spdx.spdxspreadsheet,PackageInfoSheetV1d2,1312,0,152,0,234,0,84,0,8,0
SPDX tools,org.spdx.spdxspreadsheet,OriginsSheetV2d0,1373,0,130,0,271,0,99,0,34,0
SPDX tools,org.spdx.spdxspreadsheet,ReviewersSheet,370,0,54,0,87,0,36,0,9,0
SPDX tools,org.spdx.spdxspreadsheet,PackageInfoSheetV9d1,1028,0,100,0,182,0,58,0,8,0
SPDX tools,org.spdx.spdxspreadsheet,NonStandardLicensesSheetV0d9d4,313,0,40,0,79,0,32,0,12,0
SPDX tools,org.spdx.spdxspreadsheet,OriginsSheetV1d2,782,0,76,0,163,0,70,0,32,0
SPDX tools,org.spdx.spdxspreadsheet,OriginsSheetV1d1,746,0,74,0,159,0,69,0,32,0
SPDX tools,org.spdx.spdxspreadsheet,SpreadsheetException,0,9,0,0,0,4,0,2,0,2
SPDX tools,org.spdx.licenseTemplate,TextTemplateOutputHandler,7,21,0,0,2,8,1,6,1,6
SPDX tools,org.spdx.licenseTemplate,HtmlTemplateOutputHandler,124,182,16,32,27,42,14,25,3,12
SPDX tools,org.spdx.licenseTemplate,LicenseTemplateRule.RuleType,0,21,0,0,0,1,0,1,0,1
SPDX tools,org.spdx.licenseTemplate,LicenseTemplateRuleException,0,9,0,0,0,4,0,2,0,2
SPDX tools,org.spdx.licenseTemplate,SpdxLicenseTemplateHelper,261,112,28,8,69,31,22,9,6,7
SPDX tools,org.spdx.licenseTemplate,LicenseTemplateRule,161,247,26,22,36,75,19,26,2,19
SPDX tools,org.spdx.rdfparser.referencetype,ReferenceType,211,0,22,0,61,0,31,0,20,0
SPDX tools,org.spdx.rdfparser.referencetype,ListedReferenceTypes,235,0,18,0,64,0,18,0,9,0
SPDX tools,org.spdx.rdfparser.license,NoListedLicenseRdfModel,0,9,0,0,0,4,0,2,0,2
SPDX tools,org.spdx.rdfparser.license,LicenseJsonTOC.LicenseJson,0,30,0,0,0,9,0,9,0,9
SPDX tools,org.spdx.rdfparser.license,LicenseExpressionParser,597,0,90,0,137,0,55,0,10,0
SPDX tools,org.spdx.rdfparser.license,ExceptionJsonTOC.TOCExceptionJson,0,27,0,0,0,8,0,8,0,8
SPDX tools,org.spdx.rdfparser.license,LicenseParserException,0,9,0,0,0,4,0,2,0,2
SPDX tools,org.spdx.rdfparser.license,ListedLicenses,983,0,98,0,269,0,74,0,25,0
SPDX tools,org.spdx.rdfparser.license,ListedLicenseException,177,0,6,0,43,0,16,0,13,0
SPDX tools,org.spdx.rdfparser.license,ExceptionJsonTOC,34,9,4,0,7,3,4,3,2,3
SPDX tools,org.spdx.rdfparser.license,LicenseExpressionParser.Operator,27,0,0,0,2,0,1,0,1,0
SPDX tools,org.spdx.rdfparser.license,License,1332,0,238,0,295,0,151,0,32,0
SPDX tools,org.spdx.rdfparser.license,ListedExceptions,738,0,66,0,206,0,56,0,23,0
SPDX tools,org.spdx.rdfparser.license,ConjunctiveLicenseSet,291,0,46,0,82,0,33,0,10,0
SPDX tools,org.spdx.rdfparser.license,SpdxNoneLicense,38,0,2,0,16,0,13,0,12,0
SPDX tools,org.spdx.rdfparser.license,DuplicateExtractedLicenseIdException,0,9,0,0,0,4,0,2,0,2
SPDX tools,org.spdx.rdfparser.license,SpdxListedLicenseException,0,16,0,0,0,8,0,4,0,4
SPDX tools,org.spdx.rdfparser.license,ListedExceptions.new IModelContainer() {...},31,0,0,0,10,0,10,0,10,0
SPDX tools,org.spdx.rdfparser.license,LicenseSet,280,0,30,0,62,0,23,0,8,0
SPDX tools,org.spdx.rdfparser.license,WithExceptionOperator,586,0,74,0,139,0,54,0,17,0
SPDX tools,org.spdx.rdfparser.license,LicenseJsonTOC,34,12,4,0,6,4,3,4,1,4
SPDX tools,org.spdx.rdfparser.license,LicenseException,1404,0,160,0,303,0,116,0,36,0
SPDX tools,org.spdx.rdfparser.license,LicenseRestrictionException,0,16,0,0,0,8,0,4,0,4
SPDX tools,org.spdx.rdfparser.license,AnyLicenseInfo,16,0,0,0,6,0,4,0,4,0
SPDX tools,org.spdx.rdfparser.license,SpdxListedLicense,323,0,26,0,68,0,32,0,19,0
SPDX tools,org.spdx.rdfparser.license,DisjunctiveLicenseSet,291,0,46,0,82,0,33,0,10,0
SPDX tools,org.spdx.rdfparser.license,ListedLicenses.new IModelContainer() {...},31,0,0,0,10,0,10,0,10,0
SPDX tools,org.spdx.rdfparser.license,SpdxNoAssertionLicense,38,0,2,0,16,0,13,0,12,0
SPDX tools,org.spdx.rdfparser.license,ExtractedLicenseInfo,291,0,52,0,79,0,41,0,15,0
SPDX tools,org.spdx.rdfparser.license,CrossRef,566,0,62,0,127,0,57,0,26,0
SPDX tools,org.spdx.rdfparser.license,LicenseCsvException,0,9,0,0,0,4,0,2,0,2
SPDX tools,org.spdx.rdfparser.license,SimpleLicensingInfo,614,0,98,0,142,0,69,0,20,0
SPDX tools,org.spdx.rdfparser.license,OrLaterOperator,256,0,32,0,69,0,30,0,14,0
SPDX tools,org.spdx.rdfparser.license,LicenseInfoFactory,337,0,48,0,82,0,38,0,14,0
SPDX tools,org.spdx.tag,CommonCode,1929,36,354,4,417,15,191,5,13,4
SPDX tools,org.spdx.tag,NoCommentInputStream,69,132,18,14,18,38,15,8,2,5
SPDX tools,org.spdx.tag,BuildDocument.AnnotationWithId,48,0,0,0,17,0,9,0,9,0
SPDX tools,org.spdx.tag,BuildLegacyDocument,1317,0,170,0,254,0,97,0,12,0
SPDX tools,org.spdx.tag,BuildDocument,3562,904,455,7,693,138,256,8,25,8
SPDX tools,org.spdx.tag,HandBuiltParser,123,44,13,3,30,16,8,3,0,3
SPDX tools,org.spdx.tag,InvalidFileFormatException,0,23,0,0,0,10,0,5,0,5
SPDX tools,org.spdx.tag,BuildDocument.RelationshipWithId,34,0,0,0,13,0,7,0,7,0
SPDX tools,org.spdx.tag,InvalidSpdxTagFileException,0,16,0,0,0,8,0,4,0,4
SPDX tools,org.spdx.rdfparser.model,SpdxElement,871,0,150,0,197,0,108,0,33,0
SPDX tools,org.spdx.rdfparser.model,SpdxConstantElement,57,0,0,0,15,0,13,0,13,0
SPDX tools,org.spdx.rdfparser.model,Annotation.AnnotationType,25,0,0,0,5,0,3,0,3,0
SPDX tools,org.spdx.rdfparser.model,Relationship,398,0,78,0,106,0,57,0,18,0
SPDX tools,org.spdx.rdfparser.model,SpdxSnippet,768,0,120,0,217,0,87,0,27,0
SPDX tools,org.spdx.rdfparser.model,Checksum.ChecksumAlgorithm,57,0,0,0,4,0,1,0,1,0
SPDX tools,org.spdx.rdfparser.model,ExternalSpdxElement,167,0,22,0,43,0,22,0,11,0
SPDX tools,org.spdx.rdfparser.model,DoapProject,370,0,80,0,83,0,58,0,18,0
SPDX tools,org.spdx.rdfparser.model,ExternalDocumentRef,429,0,72,0,113,0,57,0,21,0
SPDX tools,org.spdx.rdfparser.model,Relationship.RelationshipType,372,0,2,0,59,0,8,0,7,0
SPDX tools,org.spdx.rdfparser.model,SpdxFile,1342,0,164,0,311,0,128,0,46,0
SPDX tools,org.spdx.rdfparser.model,ExternalRef,715,0,122,0,185,0,82,0,21,0
SPDX tools,org.spdx.rdfparser.model,SpdxDocument,806,0,114,0,210,0,90,0,33,0
SPDX tools,org.spdx.rdfparser.model,ExternalRef.ReferenceCategory,71,0,13,0,18,0,11,0,3,0
SPDX tools,org.spdx.rdfparser.model,Checksum,499,0,74,0,136,0,55,0,18,0
SPDX tools,org.spdx.rdfparser.model,Annotation,480,0,88,0,133,0,64,0,20,0
SPDX tools,org.spdx.rdfparser.model,SpdxNoAssertionElement,29,0,0,0,11,0,9,0,9,0
SPDX tools,org.spdx.rdfparser.model,SpdxPackage,1903,0,278,0,419,0,204,0,65,0
SPDX tools,org.spdx.rdfparser.model,SpdxItem,499,0,72,0,130,0,63,0,27,0
SPDX tools,org.spdx.rdfparser.model,RdfModelObject,2398,0,388,0,489,0,268,0,74,0
SPDX tools,org.spdx.rdfparser.model,SpdxFile.FileType,79,0,0,0,6,0,3,0,3,0
SPDX tools,org.spdx.rdfparser.model,SpdxNoneElement,29,0,0,0,11,0,9,0,9,0
SPDX tools,org.spdx.rdfparser.model,SpdxElementFactory,392,0,64,0,86,0,40,0,8,0
SPDX tools,org.spdx.html,ExceptionTOCJSONFile.ListedSpdxException,45,0,0,0,16,0,8,0,8,0
SPDX tools,org.spdx.html,PackageContext,353,107,59,19,89,43,44,20,5,20
SPDX tools,org.spdx.html,ExternalRefContext,30,35,7,1,9,15,4,7,0,7
SPDX tools,org.spdx.html,InvalidLicenseTemplateException,0,16,0,0,0,8,0,4,0,4
SPDX tools,org.spdx.html,AnnotationContext,47,2,0,0,17,1,8,1,8,1
SPDX tools,org.spdx.html,MustacheMap,429,3,30,0,97,1,24,1,9,1
SPDX tools,org.spdx.html,LicenseTOCJSONFile.new Comparator() {...},24,0,6,0,8,0,5,0,2,0
SPDX tools,org.spdx.html,ExtractedLicensingInfoContext,82,78,21,13,19,24,18,8,1,8
SPDX tools,org.spdx.html,PackageContext.new Comparator() {...},31,0,12,0,7,0,8,0,2,0
SPDX tools,org.spdx.html,VerificationCodeContext,40,32,10,2,9,11,7,3,1,3
SPDX tools,org.spdx.html,LicenseJSONFile,317,0,26,0,62,0,18,0,5,0
SPDX tools,org.spdx.html,AbstractJsonFile,53,0,6,0,13,0,5,0,2,0
SPDX tools,org.spdx.html,LicenseTOCJSONFile.ListedSpdxLicense,57,0,0,0,20,0,10,0,10,0
SPDX tools,org.spdx.html,ExceptionTOCJSONFile,180,0,10,0,39,0,9,0,4,0
SPDX tools,org.spdx.html,ReviewerContext,27,48,6,6,6,17,6,5,0,5
SPDX tools,org.spdx.html,SnippetContext,221,89,43,15,47,24,32,10,3,10
SPDX tools,org.spdx.html,ProjectContext,27,57,9,9,6,17,9,5,0,5
SPDX tools,org.spdx.html,CreatorInfoContext,78,6,8,0,25,3,8,1,4,1
SPDX tools,org.spdx.html,RelationshipContext,26,36,3,1,7,17,2,10,0,10
SPDX tools,org.spdx.html,LicenseTOCJSONFile,207,0,12,0,42,0,10,0,4,0
SPDX tools,org.spdx.html,MustacheMap.new Comparator() {...},28,0,12,0,7,0,8,0,2,0
SPDX tools,org.spdx.html,MustacheMap.new Comparator() {...},28,0,12,0,7,0,8,0,2,0
SPDX tools,org.spdx.html,MustacheMap.new Comparator() {...},28,0,12,0,7,0,8,0,2,0
SPDX tools,org.spdx.html,MustacheMap.new Comparator() {...},28,0,12,0,7,0,8,0,2,0
SPDX tools,org.spdx.html,FileContext,409,130,85,25,83,40,62,14,7,14
SPDX tools,org.spdx.html,ElementContext,21,51,1,7,6,20,1,11,0,8
SPDX tools,org.spdx.html,LicenseExceptionJSONFile,116,0,6,0,25,0,9,0,6,0
SPDX tools,org.spdx.rdfparser.model.pointer,LineCharPointer,169,0,24,0,52,0,26,0,14,0
SPDX tools,org.spdx.rdfparser.model.pointer,ByteOffsetPointer,169,0,24,0,52,0,26,0,14,0
SPDX tools,org.spdx.rdfparser.model.pointer,SinglePointer,173,0,26,0,59,0,24,0,11,0
SPDX tools,org.spdx.rdfparser.model.pointer,StartEndPointer,271,0,48,0,78,0,37,0,13,0
SPDX tools,org.spdx.rdfparser.model.pointer,PointerFactory,183,0,28,0,41,0,19,0,5,0
SPDX tools,org.spdx.rdfparser.model.pointer,CompoundPointer,98,0,8,0,29,0,13,0,9,0
SPDX tools,org.spdx.merge,SpdxItemInfoMerger,0,12,0,0,0,5,0,1,0,1
SPDX tools,org.spdx.merge,SpdxMergeException,0,13,0,0,0,6,0,3,0,3
SPDX tools,org.spdx.merge,SpdxLicenseInfoMerger,113,27,12,2,21,9,7,3,1,2
SPDX tools,org.spdx.merge,SpdxLicenseMapper,308,0,32,0,73,0,26,0,10,0
SPDX tools,org.spdx.merge,SpdxFileInfoMerger,294,41,43,3,64,13,25,5,3,4
SPDX tools,org.spdx.merge,SpdxPackageInfoMerger,594,60,57,9,119,17,35,6,6,2
SPDX tools,org.spdx.tools,MatchingStandardLicenses,130,5,14,0,39,2,10,1,3,1
SPDX tools,org.spdx.tools,SpreadsheetToTag,152,56,14,4,57,11,9,5,2,3
SPDX tools,org.spdx.tools,SpdxViewer,85,3,8,0,31,1,5,1,1,1
SPDX tools,org.spdx.tools,CompareSpdxDocs,3120,25,509,1,643,8,279,2,24,2
SPDX tools,org.spdx.tools,RdfToTag,216,0,16,0,65,0,13,0,5,0
SPDX tools,org.spdx.tools,GenerateVerificationCode,225,3,32,0,58,1,22,1,6,1
SPDX tools,org.spdx.tools,CompareMultpleSpdxDocs,229,3,16,0,55,1,11,1,3,1
SPDX tools,org.spdx.tools,SpreadsheetToRDF.new ThreadLocal() {...},8,0,0,0,2,0,2,0,2,0
SPDX tools,org.spdx.tools,MergeSpdxDocs,411,3,22,0,117,1,13,1,2,1
SPDX tools,org.spdx.tools,TagToRDF,276,50,24,0,88,13,17,2,5,2
SPDX tools,org.spdx.tools,SpreadsheetToRDF,724,0,64,0,187,0,46,0,14,0
SPDX tools,org.spdx.tools,Main,133,3,32,0,41,1,18,1,2,1
SPDX tools,org.spdx.tools,OnlineToolException,0,23,0,0,0,10,0,5,0,5
SPDX tools,org.spdx.tools,Verify,241,60,30,6,69,16,18,5,2,3
SPDX tools,org.spdx.tools,TagToSpreadsheet,211,0,14,0,64,0,11,0,4,0
SPDX tools,org.spdx.tools,RdfToSpreadsheet,598,57,51,5,143,14,37,6,11,4
SPDX tools,org.spdx.tools,RdfToSpreadsheet.new Comparator() {...},43,0,10,0,10,0,7,0,2,0
SPDX tools,org.spdx.tools,RdfToHtml.new DefaultMustacheFactory() {...},21,0,0,0,7,0,2,0,2,0
SPDX tools,org.spdx.tools,SpdxVerificationException,0,13,0,0,0,6,0,3,0,3
SPDX tools,org.spdx.tools,RdfToHtml,921,0,76,0,217,0,48,0,10,0
SPDX tools,org.spdx.rdfparser,SpdxDocumentContainer,1427,0,130,0,353,0,112,0,47,0
SPDX tools,org.spdx.rdfparser,SpdxRdfConstants,0,19,0,0,0,7,0,1,0,1
SPDX tools,org.spdx.rdfparser,SPDXLicenseInfoFactory,13,3,0,0,5,1,5,1,5,1
SPDX tools,org.spdx.rdfparser,VerificationCodeGenerator,316,38,47,5,65,11,30,4,5,3
SPDX tools,org.spdx.rdfparser,SPDXReview,552,0,88,0,139,0,58,0,14,0
SPDX tools,org.spdx.rdfparser,SpdxPackageVerificationCode,365,0,46,0,81,0,33,0,10,0
SPDX tools,org.spdx.rdfparser,JavaSha1ChecksumGenerator,67,13,6,0,15,5,3,2,0,2
SPDX tools,org.spdx.rdfparser,RdfModelHelper,208,0,60,0,55,0,35,0,5,0
SPDX tools,org.spdx.rdfparser,SPDXChecksum,541,0,68,0,134,0,50,0,16,0
SPDX tools,org.spdx.rdfparser,SPDXDocumentFactory,105,52,7,3,30,14,10,5,5,5
SPDX tools,org.spdx.rdfparser,RdfParserHelper,27,0,4,0,6,0,4,0,2,0
SPDX tools,org.spdx.rdfparser,SPDXPackageInfo,0,184,0,0,0,75,0,38,0,38
SPDX tools,org.spdx.rdfparser,SPDXCreatorInformation,823,0,128,0,197,0,80,0,16,0
SPDX tools,org.spdx.rdfparser,SPDXDocument,1968,0,218,0,485,0,168,0,59,0
SPDX tools,org.spdx.rdfparser,SPDXDocument.SPDXPackage,1974,0,220,0,440,0,152,0,42,0
SPDX tools,org.spdx.rdfparser,DOAPProject,499,0,78,0,110,0,55,0,16,0
SPDX tools,org.spdx.rdfparser,NonNumericLicenseIdException,0,9,0,0,0,4,0,2,0,2
SPDX tools,org.spdx.rdfparser,InvalidSPDXAnalysisException,0,9,0,0,0,4,0,2,0,2
SPDX tools,org.spdx.rdfparser,SPDXFile,3441,0,468,0,738,0,279,0,45,0
SPDX tools,org.spdx.rdfparser,SpdxVerificationHelper,373,0,82,0,86,0,58,0,17,0
SPDX tools,org.spdx.compare,ReviewerSheet.ReviewerComparator,24,0,4,0,6,0,3,0,1,0
SPDX tools,org.spdx.compare,PackageSheet.new Comparator() {...},19,0,0,0,5,0,2,0,2,0
SPDX tools,org.spdx.compare,FileAnnotationSheet,21,0,0,0,6,0,4,0,4,0
SPDX tools,org.spdx.compare,LicenseCompareHelper,1413,0,164,0,341,0,101,0,19,0
SPDX tools,org.spdx.compare,DocumentRelationshipSheet.RelationshipComparator,56,0,12,0,15,0,7,0,1,0
SPDX tools,org.spdx.compare,SpdxPackageComparer,1195,0,132,0,333,0,99,0,33,0
SPDX tools,org.spdx.compare,FileNoticeSheet,25,0,2,0,9,0,5,0,4,0
SPDX tools,org.spdx.compare,DocumentAnnotationSheet,324,0,28,0,74,0,20,0,6,0
SPDX tools,org.spdx.compare,SpdxFileComparer.DoapComparator,24,0,4,0,6,0,3,0,1,0
SPDX tools,org.spdx.compare,AbstractFileCompareSheet,371,0,42,0,86,0,29,0,8,0
SPDX tools,org.spdx.compare,FileLicenseCommentsSheet,24,0,2,0,8,0,5,0,4,0
SPDX tools,org.spdx.compare,CompareTemplateOutputHandler,561,5,87,1,126,2,54,1,10,1
SPDX tools,org.spdx.compare,FileConcludedSheet,23,0,0,0,6,0,4,0,4,0
SPDX tools,org.spdx.compare,SpdxLicenseDifference,94,2,0,0,25,1,12,1,12,1
SPDX tools,org.spdx.compare,ExtractedLicenseSheet.ExtractedLicenseComparator,40,0,12,0,15,0,7,0,1,0
SPDX tools,org.spdx.compare,SpdxFileDifference,202,12,5,3,52,3,31,2,28,1
SPDX tools,org.spdx.compare,FileContributorsSheet,55,0,6,0,13,0,7,0,4,0
SPDX tools,org.spdx.compare,CompareTemplateOutputHandler.DifferenceDescription,136,0,14,0,43,0,16,0,9,0
SPDX tools,org.spdx.compare,ExternalReferencesSheet.ExternalDocRefComparator,33,0,6,0,12,0,4,0,1,0
SPDX tools,org.spdx.compare,SpdxComparer,3714,140,586,38,933,44,382,20,82,8
SPDX tools,org.spdx.compare,FilterTemplateOutputHandler,7,104,0,14,1,27,0,15,0,8
SPDX tools,org.spdx.compare,FileAttributionSheet,55,0,6,0,13,0,7,0,4,0
SPDX tools,org.spdx.compare,FileDependenciesSheet,64,0,6,0,16,0,7,0,4,0
SPDX tools,org.spdx.compare,VerificationSheet,161,0,20,0,39,0,14,0,4,0
SPDX tools,org.spdx.compare,FileCopyrightSheet,25,0,2,0,10,0,5,0,4,0
SPDX tools,org.spdx.compare,ReviewerSheet,193,0,18,0,45,0,13,0,4,0
SPDX tools,org.spdx.compare,SpdxFileComparer,753,16,96,4,194,5,67,3,19,1
SPDX tools,org.spdx.compare,NormalizedFileNameComparator,4,75,2,10,1,19,2,8,0,4
SPDX tools,org.spdx.compare,ExternalReferencesSheet,305,0,30,0,70,0,21,0,6,0
SPDX tools,org.spdx.compare,MultiDocumentSpreadsheet,958,0,86,0,220,0,50,0,7,0
SPDX tools,org.spdx.compare,FileCommentSheet,24,0,2,0,8,0,5,0,4,0
SPDX tools,org.spdx.compare,CompareTemplateOutputHandler.ParseInstruction,1275,0,210,0,280,0,134,0,29,0
SPDX tools,org.spdx.compare,DocumentSheet,996,0,72,0,164,0,55,0,19,0
SPDX tools,org.spdx.compare,CompareHelper,649,229,82,46,133,55,49,30,0,15
SPDX tools,org.spdx.compare,CreatorSheet,130,0,12,0,32,0,10,0,4,0
SPDX tools,org.spdx.compare,SpdxComparer.SPDXReviewDifference,78,2,8,0,21,1,9,1,5,1
SPDX tools,org.spdx.compare,FileRelationshipSheet,21,0,0,0,6,0,4,0,4,0
SPDX tools,org.spdx.compare,FileTypeSheet,79,0,8,0,17,0,8,0,4,0
SPDX tools,org.spdx.compare,SnippetSheet,646,0,42,0,135,0,29,0,8,0
SPDX tools,org.spdx.compare,FileArtifactOfSheet,165,0,36,0,40,0,22,0,4,0
SPDX tools,org.spdx.compare,DocumentRelationshipSheet,272,0,28,0,60,0,20,0,6,0
SPDX tools,org.spdx.compare,SpdxExternalRefDifference,55,2,0,0,15,1,8,1,8,1
SPDX tools,org.spdx.compare,SpdxPackageComparer.new Comparator() {...},54,0,16,0,20,0,10,0,2,0
SPDX tools,org.spdx.compare,SpdxItemComparer,755,0,82,0,213,0,63,0,22,0
SPDX tools,org.spdx.compare,PackageSheet,1164,0,70,0,228,0,44,0,9,0
SPDX tools,org.spdx.compare,FileChecksumSheet,19,0,0,0,6,0,4,0,4,0
SPDX tools,org.spdx.compare,SnippetSheet.new Comparator() {...},12,0,0,0,2,0,2,0,2,0
SPDX tools,org.spdx.compare,SpdxItemDifference,180,2,12,0,54,1,28,1,22,1
SPDX tools,org.spdx.compare,SpdxSnippetComparer,430,0,52,0,122,0,39,0,13,0
SPDX tools,org.spdx.compare,FileLicenseInfoSheet,124,0,20,0,28,0,14,0,4,0
SPDX tools,org.spdx.compare,ExtractedLicenseSheet,391,0,48,0,85,0,31,0,7,0
SPDX tools,org.spdx.compare,SpdxCompareException,0,13,0,0,0,6,0,3,0,3
SPDX tools,org.spdx.compare,DocumentAnnotationSheet.AnnotationComparator,40,0,8,0,13,0,5,0,1,0
SPDX tools,org.spdx.compare,MultiDocumentSpreadsheet.SpdxFileComparator,16,0,0,0,3,0,2,0,2,0
SPDX tools,org.spdx.compare,FileSpdxIdSheet,19,0,0,0,6,0,4,0,4,0
SPDX tools,org.spdx.compare,LineColumn,0,33,0,0,0,14,0,7,0,7
