GROUP,PACKAGE,CLASS,INSTRUCTION_MISSED,INSTRUCTION_COVERED,BRANCH_MISSED,BRANCH_COVERED,LINE_MISSED,LINE_COVERED,COMPLEXITY_MISSED,COMPLEXITY_COVERED,METHOD_MISSED,METHOD_COVERED
javaturorial,cn.byhieg.designpatterntutorial.singleton,SimpleSingleton,0,8,1,1,0,3,1,1,0,1
javaturorial,cn.byhieg.designpatterntutorial.singleton,StaticSingleton.Holder,0,5,0,0,0,1,0,1,0,1
javaturorial,cn.byhieg.designpatterntutorial.singleton,StaticSingleton,0,2,0,0,0,1,0,1,0,1
javaturorial,cn.byhieg.designpatterntutorial.singleton,EnumSingleton,0,10,0,0,0,3,0,2,0,2
javaturorial,cn.byhieg.designpatterntutorial.singleton,DCLSingleton,0,17,2,2,0,6,2,1,0,1
javaturorial,cn.byhieg.designpatterntutorial.singleton,HungrySingleton,5,0,0,0,1,0,1,0,1,0
javaturorial,cn.byhieg.collectiontutorial.listtutorial,SimpleLinkedList.Node,0,12,0,0,0,5,0,1,0,1
javaturorial,cn.byhieg.collectiontutorial.listtutorial,LinkedListDemo,0,15,0,0,0,5,0,3,0,3
javaturorial,cn.byhieg.collectiontutorial.listtutorial,ArrayListDemo,0,30,0,0,0,8,0,5,0,5
javaturorial,cn.byhieg.collectiontutorial.listtutorial,SimpleArrayList,38,220,9,29,10,48,7,27,1,14
javaturorial,cn.byhieg.collectiontutorial.listtutorial,SimpleLinkedList,28,229,6,28,8,68,5,26,0,14
javaturorial,cn.byhieg.designpatterntutorial.builder,SimpleDialog.Builder,0,64,0,0,0,17,0,7,0,7
javaturorial,cn.byhieg.designpatterntutorial.builder,SimpleDialogController,3,35,0,0,1,15,1,10,1,10
javaturorial,cn.byhieg.designpatterntutorial.builder,SimpleDialog,0,33,0,0,0,13,0,6,0,6
javaturorial,cn.byhieg.designpatterntutorial.builder,Person,0,41,0,0,0,11,0,6,0,6
javaturorial,cn.byhieg.designpatterntutorial.builder,SimpleDialogController.DialogParams,0,39,0,10,0,12,0,7,0,2
javaturorial,cn.byhieg.designpatterntutorial.builder,Person.Builder,0,28,0,0,0,10,0,6,0,6
javaturorial,cn.byhieg.threadtutorial.concurrent.blocking,ArrayBlock,5,21,1,3,1,8,1,4,0,2
javaturorial,cn.byhieg.threadtutorial.concurrent.blocking,Costumer,28,2,0,0,10,1,1,1,1,1
javaturorial,cn.byhieg.threadtutorial.concurrent.blocking,Producer,34,0,2,0,12,0,3,0,2,0
javaturorial,cn.byhieg.threadtutorial.char04,ThreadB,4,8,0,0,2,4,0,2,0,2
javaturorial,cn.byhieg.threadtutorial.char04,ThreadA,4,6,0,0,2,3,1,1,1,1
javaturorial,cn.byhieg.threadtutorial.char04,ReadWriteService,42,8,0,0,18,2,2,1,2,1
javaturorial,cn.byhieg.threadtutorial.char04,ConditionWaitNotifyService,7,41,0,0,2,14,0,3,0,3
javaturorial,cn.byhieg.threadtutorial.char04,MyConditionMoreService,48,8,0,0,20,2,2,1,2,1
javaturorial,cn.byhieg.threadtutorial.char04,WriteWriteService,21,8,0,0,9,2,1,1,1,1
javaturorial,cn.byhieg.threadtutorial.char04,ReadReadService,21,8,0,0,9,2,1,1,1,1
javaturorial,cn.byhieg.threadtutorial.char04,FairService,0,25,0,0,0,9,0,3,0,3
javaturorial,cn.byhieg.threadtutorial.char04,MyConditionService,0,30,0,2,0,7,0,3,0,2
javaturorial,cn.byhieg.threadtutorial.char04,ConditionAllService,38,62,0,0,15,21,1,4,1,4
javaturorial,cn.byhieg.threadtutorial.char04,HoldCountService,0,36,0,0,0,11,0,3,0,3
javaturorial,cn.byhieg.threadtutorial.char04,WriteReadService,42,8,0,0,18,2,2,1,2,1
javaturorial,cn.byhieg.collectiontutorial.maptutorial,LinkedHashMapExample,0,50,0,4,0,12,0,5,0,3
javaturorial,cn.byhieg.collectiontutorial.maptutorial,TreeMapExample,0,204,0,8,0,52,0,13,0,9
javaturorial,cn.byhieg.collectiontutorial.maptutorial,HashMapExample,0,56,0,4,0,14,0,6,0,4
javaturorial,cn.byhieg.iotutorial.bytestreamio,BufferdInputStreamExample,27,5,2,0,7,2,1,2,0,2
javaturorial,cn.byhieg.iotutorial.bytestreamio,ByteArrayOutPutStreamExample,29,3,2,0,8,1,2,1,1,1
javaturorial,cn.byhieg.iotutorial.bytestreamio,ByteArrayInputStreamExample,0,90,0,6,0,21,0,6,0,3
javaturorial,cn.byhieg.iotutorial.bytestreamio,FileInputStreamExample,24,5,2,0,7,2,1,2,0,2
javaturorial,cn.byhieg.iotutorial.bytestreamio,BufferdOutputStreamExample,28,5,2,0,6,2,1,2,0,2
javaturorial,cn.byhieg.iotutorial.bytestreamio,FileOutputStreamExample,25,5,2,0,6,2,1,2,0,2
javaturorial,cn.byhieg.threadtutorial.char05.more2more.list,Producer,6,6,0,0,1,3,1,1,1,1
javaturorial,cn.byhieg.threadtutorial.char05.more2more.list,MyQueue,17,59,2,2,7,16,2,3,0,3
javaturorial,cn.byhieg.threadtutorial.char05.more2more.list,Customer,6,6,0,0,1,3,1,1,1,1
javaturorial,cn.byhieg.threadtutorial.char05.one2one.list,Producer,6,6,0,0,1,3,1,1,1,1
javaturorial,cn.byhieg.threadtutorial.char05.one2one.list,Customer,6,6,0,0,1,3,1,1,1,1
javaturorial,cn.byhieg.threadtutorial.char05.one2one.list,MyQueue,15,59,2,2,7,16,2,3,0,3
javaturorial,cn.byhieg.reflectiontutorial,ArrayObject,46,3,4,0,9,1,3,1,1,1
javaturorial,cn.byhieg.reflectiontutorial,AnnotationObject,0,8,0,0,0,4,0,3,0,3
javaturorial,cn.byhieg.reflectiontutorial,MyList,0,21,0,0,0,7,0,5,0,5
javaturorial,cn.byhieg.reflectiontutorial,GenericObject,0,10,0,0,0,4,0,3,0,3
javaturorial,cn.byhieg.reflectiontutorial,ExampleObject,3,69,0,0,1,23,1,11,1,11
javaturorial,cn.byhieg.reflectiontutorial,FatherObject,0,10,0,0,0,4,0,2,0,2
javaturorial,cn.byhieg.threadtutorial.char05.one2one.value,Customer,27,6,2,0,9,3,2,1,1,1
javaturorial,cn.byhieg.threadtutorial.char05.one2one.value,Producer,20,15,1,1,7,5,1,2,0,2
javaturorial,cn.byhieg.threadtutorial.char05.one2one.value,ValueObject,0,6,0,0,0,2,0,2,0,2
javaturorial,cn.byhieg.algorithmtutorial,BinarySearchTree,132,427,15,77,26,125,9,53,0,16
javaturorial,cn.byhieg.algorithmtutorial,BinaryTree.Node,0,12,0,0,0,5,0,1,0,1
javaturorial,cn.byhieg.algorithmtutorial,GraphMatrix,80,320,8,36,12,57,6,21,0,5
javaturorial,cn.byhieg.algorithmtutorial,GraphMatrix.Weight,0,10,0,0,0,5,0,2,0,2
javaturorial,cn.byhieg.algorithmtutorial,SingleLinkList.Node,0,6,0,0,0,3,0,1,0,1
javaturorial,cn.byhieg.algorithmtutorial,RedBlackTree.Node,0,64,0,2,0,27,0,16,0,15
javaturorial,cn.byhieg.algorithmtutorial,BinarySearchTree.Node,0,6,0,0,0,3,0,1,0,1
javaturorial,cn.byhieg.algorithmtutorial,RedBlackTree,94,210,15,33,32,64,10,23,1,8
javaturorial,cn.byhieg.algorithmtutorial,Find,0,131,0,18,0,34,0,13,0,4
javaturorial,cn.byhieg.algorithmtutorial,BinaryTree,8,378,6,78,2,108,5,52,0,15
javaturorial,cn.byhieg.algorithmtutorial,Sort,142,464,22,54,31,102,15,38,1,14
javaturorial,cn.byhieg.algorithmtutorial,SingleLinkList,0,116,0,16,0,40,0,15,0,7
javaturorial,cn.byhieg.threadtutorial.char05.more2more.value,Producer,21,20,1,1,7,6,1,2,0,2
javaturorial,cn.byhieg.threadtutorial.char05.more2more.value,ValueObject,0,6,0,0,0,2,0,2,0,2
javaturorial,cn.byhieg.threadtutorial.char05.more2more.value,Customer,34,6,2,0,10,3,2,1,1,1
javaturorial,cn.byhieg.annotationstutorial,AConstructorProcess,47,11,5,1,11,3,3,2,0,2
javaturorial,cn.byhieg.annotationstutorial,User,0,13,0,0,0,5,0,3,0,3
javaturorial,cn.byhieg.annotationstutorial,AMethodProcess,54,11,7,1,11,3,4,2,0,2
javaturorial,cn.byhieg.annotationstutorial,APTProcessor,192,8,6,0,42,3,5,3,2,3
javaturorial,cn.byhieg.iotutorial.charsetstreamio,FileReaderExample,19,3,2,0,5,1,2,1,1,1
javaturorial,cn.byhieg.iotutorial.charsetstreamio,FileWriterExample,17,3,2,0,4,1,2,1,1,1
javaturorial,cn.byhieg.iotutorial.charsetstreamio,InputStreamReaderExample,25,3,2,0,5,1,2,1,1,1
javaturorial,cn.byhieg.iotutorial.charsetstreamio,BufferedWriterExample,22,3,2,0,5,1,2,1,1,1
javaturorial,cn.byhieg.iotutorial.charsetstreamio,BufferedReaderExample,19,3,2,0,4,1,2,1,1,1
javaturorial,cn.byhieg.iotutorial.charsetstreamio,OutputStreamWriterExample,23,3,2,0,5,1,2,1,1,1
javaturorial,cn.byhieg.threadtutorial.char05.one2more,Customer,6,6,0,0,1,3,1,1,1,1
javaturorial,cn.byhieg.threadtutorial.char05.one2more,MyQueue,17,59,2,2,7,16,2,3,0,3
javaturorial,cn.byhieg.threadtutorial.char05.one2more,Producer,6,6,0,0,1,3,1,1,1,1
javaturorial,cn.byhieg.bitoperatetutorial,BitOperate,0,14,0,0,0,3,0,2,0,2
javaturorial,cn.byhieg.threadtutorial.char05.more2one,Customer,8,6,0,0,1,3,1,1,1,1
javaturorial,cn.byhieg.threadtutorial.char05.more2one,Producer,6,6,0,0,1,3,1,1,1,1
javaturorial,cn.byhieg.threadtutorial.char05.more2one,MyQueue,17,59,2,2,7,16,2,3,0,3
javaturorial,cn.byhieg.designpatterntutorial.proxy.staticproxy,ProxySubject,4,6,0,0,2,3,1,1,1,1
javaturorial,cn.byhieg.designpatterntutorial.proxy.staticproxy,Client,10,3,0,0,3,1,1,1,1,1
javaturorial,cn.byhieg.designpatterntutorial.proxy.staticproxy,RealSubject,0,11,0,0,0,4,0,2,0,2
javaturorial,cn.byhieg.threadtutorial.concurrent.atom,MyObject,0,12,0,0,0,4,0,1,0,1
javaturorial,cn.byhieg.threadtutorial.concurrent.atom,AtomFactory,4,21,0,0,1,5,1,5,1,5
javaturorial,cn.byhieg.threadtutorial.char03,WaitHasParamThread.new Runnable() {...},23,3,0,0,9,1,1,1,1,1
javaturorial,cn.byhieg.threadtutorial.char03,NotifyServiceThread,0,17,0,0,0,7,0,2,0,2
javaturorial,cn.byhieg.threadtutorial.char03,CommonWait,22,6,0,0,6,3,1,1,1,1
javaturorial,cn.byhieg.threadtutorial.char03,SynService,3,31,0,0,2,11,0,2,0,2
javaturorial,cn.byhieg.threadtutorial.char03,JoinThread,3,18,0,0,2,7,0,2,0,2
javaturorial,cn.byhieg.threadtutorial.char03,CommonNotify,0,24,0,0,0,9,0,2,0,2
javaturorial,cn.byhieg.threadtutorial.char03,WaitHasParamThread,31,14,0,0,10,4,2,2,2,2
javaturorial,cn.byhieg.threadtutorial.char03,Service,23,28,0,0,11,11,1,2,1,2
javaturorial,cn.byhieg.threadtutorial.char03,JoinThreadA,32,8,2,0,11,4,1,2,0,2
javaturorial,cn.byhieg.threadtutorial.char03,JoinThreadB,3,22,0,0,2,9,0,3,0,3
javaturorial,cn.byhieg.threadtutorial.char03,JoinThreadC,4,6,0,0,2,3,1,1,1,1
javaturorial,cn.byhieg.threadtutorial.char03,Subtract,39,6,2,0,12,3,2,1,1,1
javaturorial,cn.byhieg.threadtutorial.char03,NotifyThread,40,6,4,0,14,3,3,1,1,1
javaturorial,cn.byhieg.threadtutorial.char03,SubtractThread,4,8,0,0,2,4,0,2,0,2
javaturorial,cn.byhieg.threadtutorial.char03,Add,11,11,0,0,4,4,0,2,0,2
javaturorial,cn.byhieg.threadtutorial.char03,ServiceThread,5,12,0,0,2,5,0,2,0,2
javaturorial,cn.byhieg.threadtutorial.char03,WaitThread,27,8,2,0,10,4,1,2,0,2
javaturorial,cn.byhieg.threadtutorial.char03,AddThread,4,8,0,0,2,4,0,2,0,2
javaturorial,cn.byhieg.threadtutorial.char03,MyList,0,16,0,0,0,5,0,4,0,4
javaturorial,cn.byhieg.threadtutorial.char02,SonSynTread,9,3,0,0,4,1,1,1,1,1
javaturorial,cn.byhieg.threadtutorial.char02,FatherSynService,3,21,0,0,2,7,0,2,0,2
javaturorial,cn.byhieg.threadtutorial.char02,SelfPrivateThreadA,5,8,0,0,2,4,0,2,0,2
javaturorial,cn.byhieg.threadtutorial.char02,SelfPrivateThreadB,5,8,0,0,2,4,0,2,0,2
javaturorial,cn.byhieg.threadtutorial.char02,SynBlockThreadA,6,8,0,0,2,4,0,2,0,2
javaturorial,cn.byhieg.threadtutorial.char02,MyOneListService,22,3,2,0,9,1,2,1,1,1
javaturorial,cn.byhieg.threadtutorial.char02,SynBlockThreadB,6,8,0,0,2,4,0,2,0,2
javaturorial,cn.byhieg.threadtutorial.char02,DoubleSynThreadA,4,8,0,0,2,4,0,2,0,2
javaturorial,cn.byhieg.threadtutorial.char02,DoubleSynThreadB,4,8,0,0,2,4,0,2,0,2
javaturorial,cn.byhieg.threadtutorial.char02,OutClass.InnerClass2,3,29,0,2,2,9,0,3,0,2
javaturorial,cn.byhieg.threadtutorial.char02,ObjectService,3,38,0,0,2,13,0,3,0,3
javaturorial,cn.byhieg.threadtutorial.char02,OutClass.InnerClass1,30,36,2,2,11,11,2,3,1,2
javaturorial,cn.byhieg.threadtutorial.char02,SynchronizedMethodThread,13,8,2,0,4,4,1,2,0,2
javaturorial,cn.byhieg.threadtutorial.char02,HasSelfPrivateNum,12,24,1,1,5,8,1,2,0,2
javaturorial,cn.byhieg.threadtutorial.char02,SynchronizedServiceThread,0,12,0,0,0,5,0,2,0,2
javaturorial,cn.byhieg.threadtutorial.char02,PrintString,11,22,1,1,4,10,1,5,0,5
javaturorial,cn.byhieg.threadtutorial.char02,VolatileThread,0,23,0,2,0,8,0,4,0,3
javaturorial,cn.byhieg.threadtutorial.char02,PublicVar,13,26,0,0,4,9,1,2,1,2
javaturorial,cn.byhieg.threadtutorial.char02,HalfSynTask,68,3,6,0,18,1,4,1,1,1
javaturorial,cn.byhieg.threadtutorial.char02,MyObject,32,3,0,0,16,1,2,1,2,1
javaturorial,cn.byhieg.threadtutorial.char02,SonSynService,3,24,0,2,2,8,0,3,0,2
javaturorial,cn.byhieg.threadtutorial.char02,CommonUtils,0,3,0,0,0,1,0,1,0,1
javaturorial,cn.byhieg.threadtutorial.char02,DeadLock,60,28,2,2,20,8,2,3,0,3
javaturorial,cn.byhieg.threadtutorial.char02,RunThread,1,24,1,1,0,9,1,4,0,4
javaturorial,cn.byhieg.threadtutorial.char02,PublicVarThreadA,6,8,0,0,2,4,0,2,0,2
javaturorial,cn.byhieg.threadtutorial.char02,SynVolaThreadA,4,8,0,0,2,4,0,2,0,2
javaturorial,cn.byhieg.threadtutorial.char02,SynVolaThreadB,4,8,0,0,2,4,0,2,0,2
javaturorial,cn.byhieg.threadtutorial.char02,HalfTaskThread,4,8,0,0,2,4,0,2,0,2
javaturorial,cn.byhieg.threadtutorial.char02,RunService,1,18,1,1,0,7,1,3,0,3
javaturorial,cn.byhieg.threadtutorial.char02,ExceptionService,31,16,0,0,11,4,0,2,0,2
javaturorial,cn.byhieg.threadtutorial.char02,StaticService,3,45,0,0,2,18,0,4,0,4
javaturorial,cn.byhieg.threadtutorial.char02,LongTimeTask,3,42,0,0,2,14,0,2,0,2
javaturorial,cn.byhieg.threadtutorial.char02,SynchronizedService,0,19,0,0,0,9,0,4,0,4
javaturorial,cn.byhieg.threadtutorial.char02,MyOneList,0,18,0,0,0,5,0,3,0,3
javaturorial,cn.byhieg.threadtutorial.char02,LongTimeServiceThreadA,6,10,0,0,3,5,0,2,0,2
javaturorial,cn.byhieg.threadtutorial.char02,LongTimeServiceThreadB,6,10,0,0,3,5,0,2,0,2
javaturorial,cn.byhieg.threadtutorial.char02,ListThread,8,15,0,0,2,6,0,2,0,2
javaturorial,cn.byhieg.threadtutorial.char02,OutClass,0,3,0,0,0,1,0,1,0,1
javaturorial,cn.byhieg.threadtutorial.char02,SynBlockService,3,36,0,0,2,13,0,2,0,2
javaturorial,cn.byhieg.threadtutorial.char01,StopLockThread,6,8,0,0,2,4,0,2,0,2
javaturorial,cn.byhieg.threadtutorial.char01,ExampleDaemonThread,20,6,0,0,7,2,1,1,1,1
javaturorial,cn.byhieg.threadtutorial.char01,ExampleThread,0,9,0,0,0,4,0,2,0,2
javaturorial,cn.byhieg.threadtutorial.char01,ExampleYieldThread,0,32,0,2,0,10,0,3,0,2
javaturorial,cn.byhieg.threadtutorial.char01,ComplexCurrentThread,0,38,0,0,0,12,0,2,0,2
javaturorial,cn.byhieg.threadtutorial.char01,AliveThread,0,11,0,0,0,4,0,2,0,2
javaturorial,cn.byhieg.threadtutorial.char01,ExamplePriorityThread,9,13,0,0,2,5,1,3,1,3
javaturorial,cn.byhieg.threadtutorial.char01,ExampleRunable,0,7,0,0,0,3,0,2,0,2
javaturorial,cn.byhieg.threadtutorial.char01,AliveOtherThread,0,58,0,0,0,16,0,2,0,2
javaturorial,cn.byhieg.threadtutorial.char01,ExampleInterruptThread,31,3,4,0,10,1,3,1,1,1
javaturorial,cn.byhieg.threadtutorial.char01,ShareDataThread,0,22,0,0,0,6,0,2,0,2
javaturorial,cn.byhieg.threadtutorial.char01,SleepInterruptThread,18,3,0,0,8,1,1,1,1,1
javaturorial,cn.byhieg.threadtutorial.char01,SynchronizedObject,13,23,0,0,7,9,1,5,1,5
javaturorial,cn.byhieg.threadtutorial.char01,ExampleSuspendThread,9,13,0,0,2,5,1,3,1,3
javaturorial,cn.byhieg.threadtutorial.char01,SleepThread,3,19,0,0,2,7,0,2,0,2
javaturorial,cn.byhieg.threadtutorial.char01,ExampleIdThread,0,13,0,0,0,4,0,2,0,2
javaturorial,cn.byhieg.threadtutorial.char01,ExampleCurrentThread,0,16,0,0,0,6,0,2,0,2
javaturorial,cn.byhieg.threadtutorial.char01,NotShareDataThread,0,32,0,2,0,10,0,3,0,2
javaturorial,cn.byhieg.designpatterntutorial.proxy.dynamicproxy,Client,27,3,0,0,6,1,1,1,1,1
javaturorial,cn.byhieg.designpatterntutorial.proxy.dynamicproxy,DynamicProxy,8,6,0,0,2,3,1,1,1,1
javaturorial,cn.byhieg.designpatterntutorial.proxy.dynamicproxy,RealSubject,0,11,0,0,0,4,0,2,0,2
