GROUP,PACKAGE,CLASS,INSTRUCTION_MISSED,INSTRUCTION_COVERED,BRANCH_MISSED,BRANCH_COVERED,LINE_MISSED,LINE_COVERED,COMPLEXITY_MISSED,COMPLEXITY_COVERED,METHOD_MISSED,METHOD_COVERED
Reflections,org.reflections,ReflectionUtils,26,338,4,20,6,49,8,42,4,34
Reflections,org.reflections,Reflections,197,913,14,52,29,137,26,68,13,48
Reflections,org.reflections,ReflectionsException,4,9,0,0,2,4,1,2,1,2
Reflections,org.reflections,Store,3,4,0,0,1,1,1,1,1,1
Reflections,org.reflections,ReflectionUtils.new UtilQueryBuilder() {...},0,20,0,0,0,3,0,3,0,3
Reflections,org.reflections,ReflectionUtils.new UtilQueryBuilder() {...},0,25,0,0,0,3,0,4,0,4
Reflections,org.reflections,ReflectionUtils.new UtilQueryBuilder() {...},0,22,0,0,0,3,0,4,0,4
Reflections,org.reflections.util,ClasspathHelper,415,255,52,26,82,49,39,19,9,10
Reflections,org.reflections.util,AnnotationMergeCollector,83,86,11,7,9,18,13,15,7,12
Reflections,org.reflections.util,NameHelper,10,600,3,49,3,67,3,43,0,20
Reflections,org.reflections.util,FilterBuilder.Exclude,10,14,0,2,1,2,1,3,1,2
Reflections,org.reflections.util,QueryBuilder,40,66,0,0,7,9,7,10,7,10
Reflections,org.reflections.util,FilterBuilder.Include,10,10,0,0,1,2,1,2,1,2
Reflections,org.reflections.util,UtilQueryBuilder,0,37,0,0,0,4,0,5,0,5
Reflections,org.reflections.util,ReflectionUtilsPredicates,127,370,43,63,17,40,49,60,16,40
Reflections,org.reflections.util,QueryFunction,56,211,4,8,5,23,10,25,7,22
Reflections,org.reflections.util,JavassistHelper,15,274,5,27,2,42,6,26,1,15
Reflections,org.reflections.util,ConfigurationBuilder,107,336,12,32,9,60,13,36,4,23
Reflections,org.reflections.util,FilterBuilder.Matcher,14,29,4,4,2,2,6,2,2,2
Reflections,org.reflections.util,FilterBuilder,44,204,5,26,5,33,9,22,4,11
Reflections,org.reflections.vfs,ZipFile,17,32,0,0,1,8,1,4,1,4
Reflections,org.reflections.vfs,ZipDir,12,48,3,3,3,11,3,8,1,7
Reflections,org.reflections.vfs,UrlTypeVFS,286,0,30,0,44,0,24,0,9,0
Reflections,org.reflections.vfs,Vfs.Dir,0,1,0,0,0,1,0,1,0,1
Reflections,org.reflections.vfs,JarInputFile.new InputStream() {...},2,40,2,2,1,5,2,2,0,2
Reflections,org.reflections.vfs,JarInputDir,15,24,4,0,6,7,3,4,1,4
Reflections,org.reflections.vfs,SystemDir,30,60,6,6,3,11,6,6,0,6
Reflections,org.reflections.vfs,Vfs,180,131,27,9,32,25,20,14,5,11
Reflections,org.reflections.vfs,Vfs.DefaultUrlTypes.new Vfs.DefaultUrlTypes() {...},0,34,1,7,0,6,1,6,0,3
Reflections,org.reflections.vfs,Vfs.DefaultUrlTypes.new Vfs.DefaultUrlTypes() {...},17,44,5,7,5,6,4,5,0,3
Reflections,org.reflections.vfs,Vfs.DefaultUrlTypes.new Vfs.DefaultUrlTypes() {...},0,27,0,4,0,3,0,5,0,3
Reflections,org.reflections.vfs,Vfs.DefaultUrlTypes.new Vfs.DefaultUrlTypes() {...},0,16,0,0,0,3,0,3,0,3
Reflections,org.reflections.vfs,Vfs.DefaultUrlTypes.new Vfs.DefaultUrlTypes() {...},22,11,0,0,2,2,1,2,1,2
Reflections,org.reflections.vfs,Vfs.DefaultUrlTypes.new Vfs.DefaultUrlTypes() {...},8,18,2,2,1,2,3,2,1,2
Reflections,org.reflections.vfs,Vfs.DefaultUrlTypes.new Vfs.DefaultUrlTypes() {...},3,11,0,0,1,2,1,2,1,2
Reflections,org.reflections.vfs,SystemFile,12,41,1,1,4,9,2,4,1,4
Reflections,org.reflections.vfs,JbossDir,40,0,2,0,9,0,6,0,5,0
Reflections,org.reflections.vfs,JbossDir.new Iterator() {...},72,0,8,0,16,0,8,0,4,0
Reflections,org.reflections.vfs,Vfs.DefaultUrlTypes,0,79,0,0,0,8,0,2,0,2
Reflections,org.reflections.vfs,JarInputDir.new Iterator() {...},11,89,2,8,2,17,2,7,0,4
Reflections,org.reflections.vfs,JbossFile,38,0,2,0,10,0,5,0,4,0
Reflections,org.reflections.vfs,JarInputFile,0,36,0,0,0,10,0,4,0,4
Reflections,org.reflections.scanners,MethodParameterScanner,4,0,0,0,2,0,1,0,1,0
Reflections,org.reflections.scanners,ResourcesScanner,0,4,0,0,0,2,0,1,0,1
Reflections,org.reflections.scanners,FieldAnnotationsScanner,0,4,0,0,0,2,0,1,0,1
Reflections,org.reflections.scanners,Scanners,0,166,0,4,0,20,0,10,0,8
Reflections,org.reflections.scanners,MethodAnnotationsScanner,0,4,0,0,0,2,0,1,0,1
Reflections,org.reflections.scanners,SubTypesScanner,12,9,2,0,2,3,3,2,2,2
Reflections,org.reflections.scanners,TypeElementsScanner,38,147,6,8,8,22,15,8,9,7
Reflections,org.reflections.scanners,Scanners.new Scanners() {...},0,42,0,0,0,7,0,4,0,4
Reflections,org.reflections.scanners,Scanners.new Scanners() {...},0,42,0,0,0,7,0,4,0,4
Reflections,org.reflections.scanners,Scanners.new Scanners() {...},0,35,0,0,0,5,0,4,0,4
Reflections,org.reflections.scanners,MemberUsageScanner,20,173,3,11,4,32,4,12,1,8
Reflections,org.reflections.scanners,Scanners.new Scanners() {...},6,27,3,1,0,4,2,3,0,3
Reflections,org.reflections.scanners,Scanners.new Scanners() {...},0,34,0,0,0,5,0,2,0,2
Reflections,org.reflections.scanners,Scanners.new Scanners() {...},0,29,0,0,0,4,0,3,0,3
Reflections,org.reflections.scanners,Scanners.new Scanners() {...},0,29,0,0,0,4,0,3,0,3
Reflections,org.reflections.scanners,Scanners.new Scanners() {...},0,59,0,2,0,7,0,9,0,8
Reflections,org.reflections.scanners,Scanners.new Scanners() {...},0,29,0,0,0,4,0,3,0,3
Reflections,org.reflections.scanners,MethodParameterNamesScanner,0,98,0,12,0,19,0,11,0,5
Reflections,org.reflections.scanners,TypeAnnotationsScanner,0,4,0,0,0,2,0,1,0,1
Reflections,org.reflections.scanners,AbstractScanner,0,15,0,0,0,5,0,3,0,3
Reflections,org.reflections.scanners,Scanner,21,31,0,0,2,5,3,6,3,6
Reflections,org.reflections.scanners,Scanners.new Scanners() {...},0,35,0,0,0,5,0,4,0,4
Reflections,org.reflections.scanners,Scanners.new Scanners() {...},0,25,0,0,0,4,0,3,0,3
Reflections,org.reflections.scanners,MemberUsageScanner.new ExprEditor() {...},75,161,0,0,8,16,0,5,0,5
Reflections,org.reflections.serializers,JavaCodeSerializer,42,651,4,40,7,95,5,35,1,17
Reflections,org.reflections.serializers,JsonSerializer,19,25,0,0,4,5,1,2,1,2
Reflections,org.reflections.serializers,XmlSerializer,70,72,0,0,13,19,4,6,4,6
Reflections,org.reflections.serializers,Serializer,3,14,1,1,1,4,1,1,0,1
