GROUP,PACKAGE,CLASS,INSTRUCTION_MISSED,INSTRUCTION_COVERED,BRANCH_MISSED,BRANCH_COVERED,LINE_MISSED,LINE_COVERED,COMPLEXITY_MISSED,COMPLEXITY_COVERED,METHOD_MISSED,METHOD_COVERED
SPDX tools,org.spdx.spdxspreadsheet,NonStandardLicensesSheet,11,19,1,1,3,5,2,2,1,2
SPDX tools,org.spdx.spdxspreadsheet,AbstractSpreadsheet,151,47,9,5,30,18,7,4,0,4
SPDX tools,org.spdx.spdxspreadsheet,PerFileSheetV2d2,210,1226,71,105,40,190,65,32,1,8
SPDX tools,org.spdx.spdxspreadsheet,PerFileSheetV2d0,511,869,100,68,98,125,67,26,2,7
SPDX tools,org.spdx.spdxspreadsheet,PerFileSheetV09d3,826,0,94,0,143,0,55,0,8,0
SPDX tools,org.spdx.spdxspreadsheet,AbstractSheet,174,297,28,12,43,82,18,15,2,11
SPDX tools,org.spdx.spdxspreadsheet,PerFileSheet,38,89,3,5,9,24,3,6,0,5
SPDX tools,org.spdx.spdxspreadsheet,OriginsSheetV0d9d4,759,0,74,0,158,0,69,0,32,0
SPDX tools,org.spdx.spdxspreadsheet,PerFileSheetV1d2,1272,0,150,0,208,0,84,0,9,0
SPDX tools,org.spdx.spdxspreadsheet,PerFileSheetV1d1,890,0,100,0,149,0,58,0,8,0
SPDX tools,org.spdx.spdxspreadsheet,ExternalRefsSheet,241,380,44,34,59,71,33,15,3,6
SPDX tools,org.spdx.spdxspreadsheet,AnnotationsSheet,65,438,21,39,8,86,21,17,0,8
SPDX tools,org.spdx.spdxspreadsheet,NonStandardLicensesSheetV1d1,238,355,43,35,57,65,32,18,2,9
SPDX tools,org.spdx.spdxspreadsheet,RelationshipsSheet,84,422,19,43,12,86,19,20,0,8
SPDX tools,org.spdx.spdxspreadsheet,SPDXSpreadsheet,240,247,40,16,71,63,43,14,15,14
SPDX tools,org.spdx.spdxspreadsheet,PackageInfoSheet,67,64,10,10,11,16,9,5,0,4
SPDX tools,org.spdx.spdxspreadsheet,InvalidLicenseStringException,9,0,0,0,4,0,2,0,2,0
SPDX tools,org.spdx.spdxspreadsheet,PackageInfoSheetV09d2,1132,0,108,0,190,0,62,0,8,0
SPDX tools,org.spdx.spdxspreadsheet,PackageInfoSheetV2d1,602,1043,90,94,114,170,70,30,2,6
SPDX tools,org.spdx.spdxspreadsheet,PackageInfoSheetV2d0,1483,0,154,0,251,0,85,0,8,0
SPDX tools,org.spdx.spdxspreadsheet,PackageInfoSheetV2d2,306,1382,85,105,49,243,77,26,0,8
SPDX tools,org.spdx.spdxspreadsheet,PackageInfoSheetV09d3,1312,0,144,0,222,0,80,0,8,0
SPDX tools,org.spdx.spdxspreadsheet,SnippetSheet,351,1000,62,88,55,202,60,24,0,9
SPDX tools,org.spdx.spdxspreadsheet,DocumentInfoSheet,39,121,7,11,7,33,7,12,0,10
SPDX tools,org.spdx.spdxspreadsheet,PackageInfoSheetV1d2,1386,0,152,0,234,0,84,0,8,0
SPDX tools,org.spdx.spdxspreadsheet,OriginsSheetV2d0,705,760,81,49,162,109,62,37,12,22
SPDX tools,org.spdx.spdxspreadsheet,ReviewersSheet,176,227,28,26,40,47,23,13,2,7
SPDX tools,org.spdx.spdxspreadsheet,PackageInfoSheetV9d1,1084,0,100,0,182,0,58,0,8,0
SPDX tools,org.spdx.spdxspreadsheet,NonStandardLicensesSheetV0d9d4,336,0,40,0,79,0,32,0,12,0
SPDX tools,org.spdx.spdxspreadsheet,OriginsSheetV1d2,837,0,76,0,163,0,70,0,32,0
SPDX tools,org.spdx.spdxspreadsheet,SpreadsheetException,9,0,0,0,4,0,2,0,2,0
SPDX tools,org.spdx.spdxspreadsheet,OriginsSheetV1d1,801,0,74,0,159,0,69,0,32,0
SPDX tools,org.spdx.licenseTemplate,TextTemplateOutputHandler,0,28,0,0,0,10,0,7,0,7
SPDX tools,org.spdx.licenseTemplate,HtmlTemplateOutputHandler,35,277,16,32,8,61,15,24,1,14
SPDX tools,org.spdx.licenseTemplate,LicenseTemplateRule.RuleType,0,39,0,0,0,1,0,2,0,2
SPDX tools,org.spdx.licenseTemplate,LicenseTemplateRuleException,9,0,0,0,4,0,2,0,2,0
SPDX tools,org.spdx.licenseTemplate,SpdxLicenseTemplateHelper,62,330,6,30,10,90,7,24,1,12
SPDX tools,org.spdx.licenseTemplate,LicenseTemplateRule,75,357,11,37,15,96,12,33,2,19
SPDX tools,org.spdx.rdfparser.referencetype,ReferenceType,115,96,15,7,29,32,19,12,8,12
SPDX tools,org.spdx.rdfparser.referencetype,ListedReferenceTypes,80,199,4,14,15,49,4,14,0,9
SPDX tools,org.spdx.rdfparser.license,NoListedLicenseRdfModel,9,0,0,0,4,0,2,0,2,0
SPDX tools,org.spdx.rdfparser.license,LicenseJsonTOC.LicenseJson,30,0,0,0,9,0,9,0,9,0
SPDX tools,org.spdx.rdfparser.license,LicenseExpressionParser,97,514,21,69,18,119,20,35,1,9
SPDX tools,org.spdx.rdfparser.license,ExceptionJsonTOC.TOCExceptionJson,27,0,0,0,8,0,8,0,8,0
SPDX tools,org.spdx.rdfparser.license,LicenseParserException,9,0,0,0,4,0,2,0,2,0
SPDX tools,org.spdx.rdfparser.license,ListedLicenses,452,660,41,57,97,172,41,33,7,18
SPDX tools,org.spdx.rdfparser.license,ListedLicenseException,91,101,6,0,20,23,9,7,6,7
SPDX tools,org.spdx.rdfparser.license,ExceptionJsonTOC,8,35,1,3,3,7,3,4,2,3
SPDX tools,org.spdx.rdfparser.license,LicenseExpressionParser.Operator,0,49,0,0,0,2,0,2,0,2
SPDX tools,org.spdx.rdfparser.license,License,316,1022,77,161,49,246,64,87,4,28
SPDX tools,org.spdx.rdfparser.license,ListedExceptions,396,443,33,33,92,114,36,20,11,12
SPDX tools,org.spdx.rdfparser.license,ConjunctiveLicenseSet,11,280,5,41,5,77,5,28,0,10
SPDX tools,org.spdx.rdfparser.license,SpdxNoneLicense,9,29,1,1,4,12,4,9,3,9
SPDX tools,org.spdx.rdfparser.license,DuplicateExtractedLicenseIdException,5,4,0,0,2,2,1,1,1,1
SPDX tools,org.spdx.rdfparser.license,SpdxListedLicenseException,16,0,0,0,8,0,4,0,4,0
SPDX tools,org.spdx.rdfparser.license,ListedExceptions.new IModelContainer() {...},16,15,0,0,8,2,8,2,8,2
SPDX tools,org.spdx.rdfparser.license,LicenseSet,66,214,12,18,13,49,9,14,1,7
SPDX tools,org.spdx.rdfparser.license,WithExceptionOperator,120,473,32,42,30,109,26,28,2,15
SPDX tools,org.spdx.rdfparser.license,LicenseJsonTOC,8,38,1,3,3,7,3,4,2,3
SPDX tools,org.spdx.rdfparser.license,LicenseException,89,1337,44,116,23,280,43,73,4,32
SPDX tools,org.spdx.rdfparser.license,LicenseRestrictionException,16,0,0,0,8,0,4,0,4,0
SPDX tools,org.spdx.rdfparser.license,AnyLicenseInfo,0,16,0,0,0,6,0,4,0,4
SPDX tools,org.spdx.rdfparser.license,SpdxListedLicense,127,234,17,9,24,44,14,18,3,16
SPDX tools,org.spdx.rdfparser.license,DisjunctiveLicenseSet,13,278,6,40,6,76,6,27,0,10
SPDX tools,org.spdx.rdfparser.license,ListedLicenses.new IModelContainer() {...},14,17,0,0,7,3,7,3,7,3
SPDX tools,org.spdx.rdfparser.license,SpdxNoAssertionLicense,5,33,1,1,3,13,3,10,2,10
SPDX tools,org.spdx.rdfparser.license,ExtractedLicenseInfo,97,220,25,27,21,58,18,23,1,14
SPDX tools,org.spdx.rdfparser.license,CrossRef,42,536,17,45,7,120,16,41,0,26
SPDX tools,org.spdx.rdfparser.license,LicenseCsvException,9,0,0,0,4,0,2,0,2,0
SPDX tools,org.spdx.rdfparser.license,SimpleLicensingInfo,164,455,34,64,32,110,26,43,3,17
SPDX tools,org.spdx.rdfparser.license,OrLaterOperator,36,226,10,22,9,60,9,21,1,13
SPDX tools,org.spdx.rdfparser.license,LicenseInfoFactory,188,169,23,25,40,42,20,18,4,10
SPDX tools,org.spdx.tag,CommonCode,2354,21,357,1,424,8,195,1,16,1
SPDX tools,org.spdx.tag,NoCommentInputStream,38,181,4,28,7,49,4,19,0,7
SPDX tools,org.spdx.tag,BuildDocument.AnnotationWithId,5,43,0,0,2,15,1,8,1,8
SPDX tools,org.spdx.tag,BuildLegacyDocument,1361,0,170,0,254,0,97,0,12,0
SPDX tools,org.spdx.tag,BuildDocument,1304,4077,145,317,166,665,121,143,3,30
SPDX tools,org.spdx.tag,HandBuiltParser,36,165,2,14,3,43,2,9,0,3
SPDX tools,org.spdx.tag,InvalidFileFormatException,23,0,0,0,10,0,5,0,5,0
SPDX tools,org.spdx.tag,BuildDocument.RelationshipWithId,4,30,0,0,2,11,1,6,1,6
SPDX tools,org.spdx.tag,InvalidSpdxTagFileException,12,4,0,0,6,2,3,1,3,1
SPDX tools,org.spdx.rdfparser.model,SpdxElement,128,783,39,111,25,172,36,72,1,32
SPDX tools,org.spdx.rdfparser.model,SpdxConstantElement,0,57,0,0,0,15,0,13,0,13
SPDX tools,org.spdx.rdfparser.model,Annotation.AnnotationType,0,39,0,0,0,5,0,4,0,4
SPDX tools,org.spdx.rdfparser.model,Relationship,146,282,42,36,35,71,26,31,1,17
SPDX tools,org.spdx.rdfparser.model,SpdxSnippet,216,570,45,75,61,156,38,49,0,27
SPDX tools,org.spdx.rdfparser.model,Checksum.ChecksumAlgorithm,0,99,0,0,0,4,0,2,0,2
SPDX tools,org.spdx.rdfparser.model,ExternalSpdxElement,49,131,7,15,10,33,8,14,1,10
SPDX tools,org.spdx.rdfparser.model,DoapProject,119,260,38,42,23,60,31,27,2,16
SPDX tools,org.spdx.rdfparser.model,ExternalDocumentRef,173,292,37,35,42,71,25,32,2,19
SPDX tools,org.spdx.rdfparser.model,Relationship.RelationshipType,3,550,0,2,1,58,1,7,1,6
SPDX tools,org.spdx.rdfparser.model,SpdxFile,214,1173,46,118,56,255,47,81,8,38
SPDX tools,org.spdx.rdfparser.model,ExternalRef,213,544,50,72,52,133,43,39,1,20
SPDX tools,org.spdx.rdfparser.model,SpdxDocument,269,599,34,80,61,149,35,55,5,28
SPDX tools,org.spdx.rdfparser.model,ExternalRef.ReferenceCategory,21,72,8,5,9,9,8,4,1,3
SPDX tools,org.spdx.rdfparser.model,Checksum,137,411,30,44,27,109,25,30,1,17
SPDX tools,org.spdx.rdfparser.model,Annotation,148,375,40,48,34,99,27,37,2,18
SPDX tools,org.spdx.rdfparser.model,SpdxNoAssertionElement,9,20,0,0,4,7,3,6,3,6
SPDX tools,org.spdx.rdfparser.model,SpdxPackage,311,1700,64,214,56,363,64,140,8,57
SPDX tools,org.spdx.rdfparser.model,SpdxItem,65,446,13,59,17,113,15,48,2,25
SPDX tools,org.spdx.rdfparser.model,ExternalRef.new Object() {...},33,0,0,0,1,0,1,0,1,0
SPDX tools,org.spdx.rdfparser.model,RdfModelObject,116,2281,121,267,34,455,121,147,1,73
SPDX tools,org.spdx.rdfparser.model,SpdxFile.FileType,0,129,0,0,0,6,0,4,0,4
SPDX tools,org.spdx.rdfparser.model,SpdxNoneElement,4,25,0,0,2,9,2,7,2,7
SPDX tools,org.spdx.rdfparser.model,SpdxElementFactory,202,217,34,30,34,52,27,13,4,4
SPDX tools,org.spdx.html,ExceptionTOCJSONFile.ListedSpdxException,45,0,0,0,16,0,8,0,8,0
SPDX tools,org.spdx.html,PackageContext,479,0,78,0,132,0,64,0,25,0
SPDX tools,org.spdx.html,ExternalRefContext,73,0,8,0,24,0,11,0,7,0
SPDX tools,org.spdx.html,InvalidLicenseTemplateException,16,0,0,0,8,0,4,0,4,0
SPDX tools,org.spdx.html,AnnotationContext,49,0,0,0,18,0,9,0,9,0
SPDX tools,org.spdx.html,MustacheMap,444,0,30,0,98,0,25,0,10,0
SPDX tools,org.spdx.html,LicenseTOCJSONFile.new Comparator() {...},8,16,4,2,4,4,3,2,0,2
SPDX tools,org.spdx.html,PackageContext.new Comparator() {...},31,0,12,0,7,0,8,0,2,0
SPDX tools,org.spdx.html,ExtractedLicensingInfoContext,189,0,34,0,43,0,26,0,9,0
SPDX tools,org.spdx.html,VerificationCodeContext,78,0,12,0,20,0,10,0,4,0
SPDX tools,org.spdx.html,LicenseJSONFile,317,0,26,0,62,0,18,0,5,0
SPDX tools,org.spdx.html,AbstractJsonFile,56,3,6,0,12,1,4,1,1,1
SPDX tools,org.spdx.html,LicenseTOCJSONFile.ListedSpdxLicense,0,57,0,0,0,20,0,10,0,10
SPDX tools,org.spdx.html,ExceptionTOCJSONFile,186,0,10,0,39,0,9,0,4,0
SPDX tools,org.spdx.html,ReviewerContext,93,0,12,0,23,0,11,0,5,0
SPDX tools,org.spdx.html,SnippetContext,385,0,58,0,71,0,42,0,13,0
SPDX tools,org.spdx.html,ProjectContext,102,0,18,0,23,0,14,0,5,0
SPDX tools,org.spdx.html,CreatorInfoContext,108,0,8,0,28,0,9,0,5,0
SPDX tools,org.spdx.html,RelationshipContext,62,0,4,0,24,0,12,0,10,0
SPDX tools,org.spdx.html,LicenseTOCJSONFile,5,208,3,9,1,41,3,7,0,4
SPDX tools,org.spdx.html,MustacheMap.new Comparator() {...},28,0,12,0,7,0,8,0,2,0
SPDX tools,org.spdx.html,MustacheMap.new Comparator() {...},28,0,12,0,7,0,8,0,2,0
SPDX tools,org.spdx.html,MustacheMap.new Comparator() {...},28,0,12,0,7,0,8,0,2,0
SPDX tools,org.spdx.html,MustacheMap.new Comparator() {...},28,0,12,0,7,0,8,0,2,0
SPDX tools,org.spdx.html,FileContext,600,0,110,0,123,0,76,0,21,0
SPDX tools,org.spdx.html,ElementContext,72,0,8,0,26,0,12,0,8,0
SPDX tools,org.spdx.html,LicenseExceptionJSONFile,116,0,6,0,25,0,9,0,6,0
SPDX tools,org.spdx.rdfparser.model.pointer,LineCharPointer,29,152,8,16,8,44,8,18,1,13
SPDX tools,org.spdx.rdfparser.model.pointer,ByteOffsetPointer,29,152,8,16,8,44,8,18,1,13
SPDX tools,org.spdx.rdfparser.model.pointer,SinglePointer,53,120,13,13,21,38,11,13,1,10
SPDX tools,org.spdx.rdfparser.model.pointer,StartEndPointer,86,185,17,31,27,51,14,23,1,12
SPDX tools,org.spdx.rdfparser.model.pointer,PointerFactory,55,136,11,17,9,32,11,8,1,4
SPDX tools,org.spdx.rdfparser.model.pointer,CompoundPointer,9,89,1,7,4,25,1,12,0,9
SPDX tools,org.spdx.merge,SpdxItemInfoMerger,12,0,0,0,5,0,1,0,1,0
SPDX tools,org.spdx.merge,SpdxMergeException,13,0,0,0,6,0,3,0,3,0
SPDX tools,org.spdx.merge,SpdxLicenseInfoMerger,14,126,3,11,1,29,3,7,0,3
SPDX tools,org.spdx.merge,SpdxLicenseMapper,74,233,9,23,12,61,7,19,0,10
SPDX tools,org.spdx.merge,SpdxFileInfoMerger,334,0,46,0,77,0,30,0,7,0
SPDX tools,org.spdx.merge,SpdxPackageInfoMerger,688,0,66,0,136,0,41,0,8,0
SPDX tools,org.spdx.tools,MatchingStandardLicenses,161,0,14,0,41,0,11,0,4,0
SPDX tools,org.spdx.tools,SpreadsheetToTag,278,0,18,0,68,0,14,0,5,0
SPDX tools,org.spdx.tools,SpdxViewer,114,0,8,0,32,0,6,0,2,0
SPDX tools,org.spdx.tools,CompareSpdxDocs,4631,84,504,6,624,27,277,4,23,3
SPDX tools,org.spdx.tools,RdfToTag,295,0,16,0,65,0,13,0,5,0
SPDX tools,org.spdx.tools,GenerateVerificationCode,262,0,32,0,59,0,23,0,7,0
SPDX tools,org.spdx.tools,CompareMultpleSpdxDocs,297,0,16,0,56,0,12,0,4,0
SPDX tools,org.spdx.tools,SpreadsheetToRDF.new ThreadLocal() {...},0,8,0,0,0,2,0,2,0,2
SPDX tools,org.spdx.tools,MergeSpdxDocs,531,0,22,0,118,0,14,0,3,0
SPDX tools,org.spdx.tools,TagToRDF,330,60,23,1,85,16,17,2,5,2
SPDX tools,org.spdx.tools,SpreadsheetToRDF,250,553,28,36,50,137,26,20,3,11
SPDX tools,org.spdx.tools,Main,142,0,32,0,42,0,19,0,3,0
SPDX tools,org.spdx.tools,OnlineToolException,23,0,0,0,10,0,5,0,5,0
SPDX tools,org.spdx.tools,Verify,326,45,33,3,69,16,21,2,3,2
SPDX tools,org.spdx.tools,TagToSpreadsheet,260,0,14,0,64,0,11,0,4,0
SPDX tools,org.spdx.tools,RdfToSpreadsheet,726,0,56,0,157,0,43,0,15,0
SPDX tools,org.spdx.tools,RdfToSpreadsheet.new Comparator() {...},43,0,10,0,10,0,7,0,2,0
SPDX tools,org.spdx.tools,RdfToHtml.new DefaultMustacheFactory() {...},27,0,0,0,7,0,2,0,2,0
SPDX tools,org.spdx.tools,SpdxVerificationException,13,0,0,0,6,0,3,0,3,0
SPDX tools,org.spdx.tools,RdfToHtml,1093,0,76,0,217,0,48,0,10,0
SPDX tools,org.spdx.rdfparser,SpdxRdfConstants,0,19,0,0,0,7,0,1,0,1
SPDX tools,org.spdx.rdfparser,SpdxDocumentContainer,184,1354,26,104,31,322,24,88,0,47
SPDX tools,org.spdx.rdfparser,SPDXLicenseInfoFactory,16,0,0,0,6,0,6,0,6,0
SPDX tools,org.spdx.rdfparser,VerificationCodeGenerator,72,294,19,33,16,60,13,21,2,6
SPDX tools,org.spdx.rdfparser,SPDXReview,94,458,47,41,29,110,38,20,1,13
SPDX tools,org.spdx.rdfparser,SpdxPackageVerificationCode,22,343,14,32,5,76,13,20,0,10
SPDX tools,org.spdx.rdfparser,JavaSha1ChecksumGenerator,0,80,0,6,0,20,0,5,0,2
SPDX tools,org.spdx.rdfparser,RdfModelHelper,87,121,31,29,23,32,20,15,1,4
SPDX tools,org.spdx.rdfparser,SPDXChecksum,208,345,41,27,47,87,35,15,5,11
SPDX tools,org.spdx.rdfparser,SPDXDocumentFactory,84,101,4,6,22,22,8,7,5,5
SPDX tools,org.spdx.rdfparser,RdfParserHelper,8,19,1,3,2,4,2,2,1,1
SPDX tools,org.spdx.rdfparser,SPDXPackageInfo,184,0,0,0,75,0,38,0,38,0
SPDX tools,org.spdx.rdfparser,SPDXCreatorInformation,208,615,67,61,51,146,51,29,2,14
SPDX tools,org.spdx.rdfparser,SPDXDocument,498,1614,78,140,97,388,77,91,9,50
SPDX tools,org.spdx.rdfparser,SPDXDocument.SPDXPackage,394,1703,67,153,66,374,66,86,1,41
SPDX tools,org.spdx.rdfparser,DOAPProject,100,408,36,42,18,92,32,23,2,14
SPDX tools,org.spdx.rdfparser,NonNumericLicenseIdException,5,4,0,0,2,2,1,1,1,1
SPDX tools,org.spdx.rdfparser,InvalidSPDXAnalysisException,5,4,0,0,2,2,1,1,1,1
SPDX tools,org.spdx.rdfparser,SPDXFile,878,2650,191,277,174,564,164,115,10,35
SPDX tools,org.spdx.rdfparser,SpdxVerificationHelper,91,302,25,57,21,65,22,36,1,16
SPDX tools,org.spdx.compare,ReviewerSheet.ReviewerComparator,24,0,4,0,6,0,3,0,1,0
SPDX tools,org.spdx.compare,PackageSheet.new Comparator() {...},13,6,0,0,4,1,1,1,1,1
SPDX tools,org.spdx.compare,FileAnnotationSheet,21,0,0,0,6,0,4,0,4,0
SPDX tools,org.spdx.compare,DocumentRelationshipSheet.RelationshipComparator,12,44,4,8,3,12,4,3,0,1
SPDX tools,org.spdx.compare,LicenseCompareHelper,257,1204,40,124,55,286,34,67,3,16
SPDX tools,org.spdx.compare,SpdxPackageComparer,196,1040,31,101,41,292,31,68,2,31
SPDX tools,org.spdx.compare,FileNoticeSheet,25,0,2,0,9,0,5,0,4,0
SPDX tools,org.spdx.compare,DocumentAnnotationSheet,10,315,3,25,3,71,4,16,1,5
SPDX tools,org.spdx.compare,SpdxFileComparer.DoapComparator,0,24,0,4,0,6,0,3,0,1
SPDX tools,org.spdx.compare,AbstractFileCompareSheet,377,0,42,0,86,0,29,0,8,0
SPDX tools,org.spdx.compare,FileLicenseCommentsSheet,24,0,2,0,8,0,5,0,4,0
SPDX tools,org.spdx.compare,CompareTemplateOutputHandler,84,497,25,63,21,107,23,32,0,11
SPDX tools,org.spdx.compare,FileConcludedSheet,23,0,0,0,6,0,4,0,4,0
SPDX tools,org.spdx.compare,SpdxLicenseDifference,9,87,0,0,3,23,3,10,3,10
SPDX tools,org.spdx.compare,ExtractedLicenseSheet.ExtractedLicenseComparator,40,0,12,0,15,0,7,0,1,0
SPDX tools,org.spdx.compare,SpdxFileDifference,80,134,6,2,22,33,21,12,17,12
SPDX tools,org.spdx.compare,FileContributorsSheet,55,0,6,0,13,0,7,0,4,0
SPDX tools,org.spdx.compare,CompareTemplateOutputHandler.DifferenceDescription,32,159,1,13,13,30,6,10,5,4
SPDX tools,org.spdx.compare,ExternalReferencesSheet.ExternalDocRefComparator,7,26,2,4,4,8,2,2,0,1
SPDX tools,org.spdx.compare,SpdxComparer,319,3578,122,502,84,893,118,284,2,88
SPDX tools,org.spdx.compare,FilterTemplateOutputHandler,3,108,3,11,1,27,4,11,1,7
SPDX tools,org.spdx.compare,FileAttributionSheet,55,0,6,0,13,0,7,0,4,0
SPDX tools,org.spdx.compare,FileDependenciesSheet,64,0,6,0,16,0,7,0,4,0
SPDX tools,org.spdx.compare,VerificationSheet,167,0,20,0,39,0,14,0,4,0
SPDX tools,org.spdx.compare,FileCopyrightSheet,25,0,2,0,10,0,5,0,4,0
SPDX tools,org.spdx.compare,ReviewerSheet,194,0,18,0,45,0,13,0,4,0
SPDX tools,org.spdx.compare,SpdxFileComparer,91,691,26,74,20,179,26,44,1,19
SPDX tools,org.spdx.compare,NormalizedFileNameComparator,3,82,2,10,1,19,2,8,0,4
SPDX tools,org.spdx.compare,ExternalReferencesSheet,10,296,2,28,3,67,3,18,1,5
SPDX tools,org.spdx.compare,FileCommentSheet,24,0,2,0,8,0,5,0,4,0
SPDX tools,org.spdx.compare,MultiDocumentSpreadsheet,983,0,86,0,220,0,50,0,7,0
SPDX tools,org.spdx.compare,CompareTemplateOutputHandler.ParseInstruction,147,1194,48,162,40,241,49,85,6,23
SPDX tools,org.spdx.compare,DocumentSheet,75,935,19,53,15,149,15,40,1,18
SPDX tools,org.spdx.compare,CompareHelper,392,529,70,58,83,105,57,22,1,14
SPDX tools,org.spdx.compare,CreatorSheet,130,0,12,0,32,0,10,0,4,0
SPDX tools,org.spdx.compare,SpdxComparer.SPDXReviewDifference,10,70,2,6,2,20,2,8,0,6
SPDX tools,org.spdx.compare,FileRelationshipSheet,21,0,0,0,6,0,4,0,4,0
SPDX tools,org.spdx.compare,FileTypeSheet,79,0,8,0,17,0,8,0,4,0
SPDX tools,org.spdx.compare,SnippetSheet,646,0,42,0,135,0,29,0,8,0
SPDX tools,org.spdx.compare,FileArtifactOfSheet,165,0,36,0,40,0,22,0,4,0
SPDX tools,org.spdx.compare,DocumentRelationshipSheet,10,263,3,25,3,57,4,16,1,5
SPDX tools,org.spdx.compare,SpdxExternalRefDifference,12,45,0,0,3,13,3,6,3,6
SPDX tools,org.spdx.compare,SpdxPackageComparer.new Comparator() {...},21,33,10,6,10,10,7,3,0,2
SPDX tools,org.spdx.compare,SpdxItemComparer,71,685,14,68,19,194,16,47,2,20
SPDX tools,org.spdx.compare,PackageSheet,218,946,12,58,35,193,13,31,1,8
SPDX tools,org.spdx.compare,FileChecksumSheet,19,0,0,0,6,0,4,0,4,0
SPDX tools,org.spdx.compare,SnippetSheet.new Comparator() {...},12,0,0,0,2,0,2,0,2,0
SPDX tools,org.spdx.compare,SpdxItemDifference,24,158,0,12,8,47,8,21,8,15
SPDX tools,org.spdx.compare,SpdxSnippetComparer,121,327,20,32,27,95,17,22,2,11
SPDX tools,org.spdx.compare,ExtractedLicenseSheet,392,0,48,0,85,0,31,0,7,0
SPDX tools,org.spdx.compare,FileLicenseInfoSheet,124,0,20,0,28,0,14,0,4,0
SPDX tools,org.spdx.compare,SpdxCompareException,9,4,0,0,4,2,2,1,2,1
SPDX tools,org.spdx.compare,DocumentAnnotationSheet.AnnotationComparator,6,34,3,5,3,10,3,2,0,1
SPDX tools,org.spdx.compare,FileSpdxIdSheet,19,0,0,0,6,0,4,0,4,0
SPDX tools,org.spdx.compare,MultiDocumentSpreadsheet.SpdxFileComparator,16,0,0,0,3,0,2,0,2,0
SPDX tools,org.spdx.compare,LineColumn,12,21,0,0,6,8,3,4,3,4
