GROUP,PACKAGE,CLASS,INSTRUCTION_MISSED,INSTRUCTION_COVERED,BRANCH_MISSED,BRANCH_COVERED,LINE_MISSED,LINE_COVERED,COMPLEXITY_MISSED,COMPLEXITY_COVERED,METHOD_MISSED,METHOD_COVERED
Java,default,ClazzUtils,290,0,48,0,72,0,30,0,6,0
Java,com.thealgorithms.strings.zigZagPattern,zigZagPattern,96,0,14,0,21,0,9,0,2,0
Java,com.thealgorithms.datastructures.trees,Main,82,0,8,0,22,0,8,0,4,0
Java,com.thealgorithms.datastructures.trees,RedBlackBST.Node,30,0,0,0,5,0,1,0,1,0
Java,com.thealgorithms.datastructures.trees,BSTRecursive,364,0,58,0,101,0,44,0,15,0
Java,com.thealgorithms.datastructures.trees,Node,132,0,24,0,40,0,18,0,6,0
Java,com.thealgorithms.datastructures.trees,CheckIfBinaryTreeBalanced.BinaryTree,9,0,0,0,2,0,1,0,1,0
Java,com.thealgorithms.datastructures.trees,BSTIterative,474,0,80,0,140,0,49,0,9,0
Java,com.thealgorithms.datastructures.trees,AVLTree,514,0,74,0,126,0,54,0,17,0
Java,com.thealgorithms.datastructures.trees,AVLSimple,284,0,34,0,51,0,26,0,9,0
Java,com.thealgorithms.datastructures.trees,CreateBSTFromSortedArray,147,0,2,0,21,0,5,0,4,0
Java,com.thealgorithms.datastructures.trees,NRKTree,56,0,6,0,17,0,6,0,3,0
Java,com.thealgorithms.datastructures.trees,BinaryTree,397,0,64,0,114,0,43,0,11,0
Java,com.thealgorithms.datastructures.trees,TrieImp.TrieNode,13,0,0,0,4,0,1,0,1,0
Java,com.thealgorithms.datastructures.trees,RedBlackBST,896,0,104,0,228,0,66,0,14,0
Java,com.thealgorithms.datastructures.trees,ValidBSTOrNot.Node,15,0,0,0,4,0,1,0,1,0
Java,com.thealgorithms.datastructures.trees,TreeRandomNode,62,0,2,0,18,0,5,0,4,0
Java,com.thealgorithms.datastructures.trees,TreeNode,12,0,0,0,4,0,1,0,1,0
Java,com.thealgorithms.datastructures.trees,LCA,169,0,16,0,36,0,13,0,5,0
Java,com.thealgorithms.datastructures.trees,ValidBSTOrNot,47,0,10,0,9,0,8,0,3,0
Java,com.thealgorithms.datastructures.trees,LazySegmentTree,156,0,20,0,29,0,17,0,7,0
Java,com.thealgorithms.datastructures.trees,TreeTraversal,55,0,0,0,21,0,2,0,2,0
Java,com.thealgorithms.datastructures.trees,KDTree,590,0,58,0,108,0,51,0,22,0
Java,com.thealgorithms.datastructures.trees,CeilInBinarySearchTree,33,0,8,0,9,0,6,0,2,0
Java,com.thealgorithms.datastructures.trees,AVLTree.Node,12,0,0,0,4,0,1,0,1,0
Java,com.thealgorithms.datastructures.trees,TreeRandomNode.Node,15,0,0,0,4,0,1,0,1,0
Java,com.thealgorithms.datastructures.trees,BSTIterative.Node,12,0,0,0,5,0,1,0,1,0
Java,com.thealgorithms.datastructures.trees,BinaryTree.Node,15,0,0,0,6,0,1,0,1,0
Java,com.thealgorithms.datastructures.trees,KDTree.Point,96,0,10,0,21,0,12,0,7,0
Java,com.thealgorithms.datastructures.trees,TrieImp,222,0,29,0,71,0,23,0,7,0
Java,com.thealgorithms.datastructures.trees,LevelOrderTraversal.Node,15,0,0,0,4,0,1,0,1,0
Java,com.thealgorithms.datastructures.trees,SegmentTree,254,0,26,0,42,0,19,0,6,0
Java,com.thealgorithms.datastructures.trees,VerticalOrderTraversal,202,0,14,0,39,0,10,0,3,0
Java,com.thealgorithms.datastructures.trees,CreateBinaryTreeFromInorderPreorder,381,0,8,0,56,0,9,0,5,0
Java,com.thealgorithms.datastructures.trees,Tree,91,0,10,0,24,0,8,0,3,0
Java,com.thealgorithms.datastructures.trees,AVLSimple.Node,12,0,0,0,4,0,1,0,1,0
Java,com.thealgorithms.datastructures.trees,KDTree.Node,65,0,4,0,17,0,10,0,8,0
Java,com.thealgorithms.datastructures.trees,BSTRecursiveGeneric.Node,0,12,0,0,0,5,0,1,0,1
Java,com.thealgorithms.datastructures.trees,BSTRecursiveGeneric,435,76,64,10,108,22,44,10,11,6
Java,com.thealgorithms.datastructures.trees,QItem,9,0,0,0,4,0,1,0,1,0
Java,com.thealgorithms.datastructures.trees,LevelOrderTraversalQueue,41,0,6,0,12,0,5,0,2,0
Java,com.thealgorithms.datastructures.trees,BSTRecursive.Node,12,0,0,0,5,0,1,0,1,0
Java,com.thealgorithms.datastructures.trees,GenericTree,453,0,42,0,94,0,42,0,21,0
Java,com.thealgorithms.datastructures.trees,LevelOrderTraversal,70,0,10,0,18,0,9,0,4,0
Java,com.thealgorithms.datastructures.trees,LevelOrderTraversalQueue.Node,15,0,0,0,5,0,1,0,1,0
Java,com.thealgorithms.datastructures.trees,CheckIfBinaryTreeBalanced.BTNode,15,0,0,0,5,0,1,0,1,0
Java,com.thealgorithms.datastructures.trees,GenericTree.Node,11,0,0,0,2,0,1,0,1,0
Java,com.thealgorithms.datastructures.trees,LazySegmentTree.Node,116,0,14,0,27,0,14,0,7,0
Java,com.thealgorithms.datastructures.trees,PrintTopViewofTree,55,0,0,0,11,0,2,0,2,0
Java,com.thealgorithms.datastructures.trees,CheckIfBinaryTreeBalanced,379,0,24,0,81,0,19,0,7,0
Java,com.thealgorithms.datastructures.trees,FenwickTree,56,0,4,0,15,0,5,0,3,0
Java,com.thealgorithms.devutils.nodes,SimpleNode,0,28,0,2,0,11,0,7,0,6
Java,com.thealgorithms.devutils.nodes,LargeTreeNode,0,38,1,3,0,13,1,8,0,7
Java,com.thealgorithms.devutils.nodes,Node,0,16,0,0,0,7,0,4,0,4
Java,com.thealgorithms.devutils.nodes,TreeNode,0,51,0,2,0,16,0,8,0,7
Java,com.thealgorithms.devutils.nodes,SimpleTreeNode,0,47,1,3,0,17,1,10,0,9
Java,com.thealgorithms.datastructures.buffers,CircularBuffer.CircularPointer,28,0,2,0,9,0,3,0,2,0
Java,com.thealgorithms.datastructures.buffers,CircularBuffer,82,0,8,0,18,0,9,0,5,0
Java,com.thealgorithms.conversions,BinaryToDecimal,49,0,2,0,13,0,3,0,2,0
Java,com.thealgorithms.conversions,RomanToInteger.new HashMap() {...},52,0,0,0,9,0,1,0,1,0
Java,com.thealgorithms.conversions,AnyBaseToAnyBase,344,0,28,0,50,0,18,0,4,0
Java,com.thealgorithms.conversions,RomanToInteger,80,0,8,0,19,0,8,0,4,0
Java,com.thealgorithms.conversions,TurkishToLatinConversion,159,0,2,0,13,0,4,0,3,0
Java,com.thealgorithms.conversions,OctalToHexadecimal,83,0,6,0,26,0,7,0,4,0
Java,com.thealgorithms.conversions,HexaDecimalToDecimal,53,0,2,0,15,0,4,0,3,0
Java,com.thealgorithms.conversions,DecimalToHexaDecimal,123,0,2,0,16,0,5,0,4,0
Java,com.thealgorithms.conversions,AnyBaseToDecimal,137,0,20,0,19,0,15,0,5,0
Java,com.thealgorithms.conversions,BinaryToOctal,66,0,4,0,20,0,5,0,3,0
Java,com.thealgorithms.conversions,BinaryToHexadecimal,105,0,8,0,23,0,7,0,3,0
Java,com.thealgorithms.conversions,DecimalToAnyBase,105,0,8,0,25,0,8,0,4,0
Java,com.thealgorithms.conversions,RgbHsvConversion,909,0,104,0,97,0,60,0,8,0
Java,com.thealgorithms.conversions,HexaDecimalToBinary,105,0,4,0,14,0,6,0,4,0
Java,com.thealgorithms.conversions,HexToOct,90,0,4,0,26,0,6,0,4,0
Java,com.thealgorithms.conversions,OctalToDecimal,41,0,2,0,14,0,4,0,3,0
Java,com.thealgorithms.conversions,IntegerToRoman,165,0,6,0,14,0,7,0,4,0
Java,com.thealgorithms.conversions,DecimalToOctal,49,0,2,0,13,0,3,0,2,0
Java,com.thealgorithms.conversions,DecimalToBinary,100,0,4,0,26,0,6,0,4,0
Java,com.thealgorithms.conversions,AnytoAny,69,0,4,0,18,0,4,0,2,0
Java,com.thealgorithms.matrixexponentiation,Fibonacci,204,0,12,0,32,0,11,0,5,0
Java,com.thealgorithms.datastructures.queues,PriorityQueues,29,3,2,0,8,1,2,1,1,1
Java,com.thealgorithms.datastructures.queues,Deques.DequeNode,15,0,0,0,5,0,1,0,1,0
Java,com.thealgorithms.datastructures.queues,GenericArrayListQueue,118,46,22,6,15,12,12,9,1,6
Java,com.thealgorithms.datastructures.queues,Queue,2,153,1,9,1,33,1,14,0,10
Java,com.thealgorithms.datastructures.queues,CircularQueue,76,177,0,22,22,45,1,18,1,7
Java,com.thealgorithms.datastructures.queues,Queues,45,3,0,0,12,1,1,1,1,1
Java,com.thealgorithms.datastructures.queues,LinkedQueue,77,159,12,16,14,40,7,18,1,10
Java,com.thealgorithms.datastructures.queues,LinkedQueue.Node,0,23,0,0,0,8,0,3,0,3
Java,com.thealgorithms.datastructures.queues,PriorityQueue,0,98,0,10,0,19,0,12,0,7
Java,com.thealgorithms.datastructures.queues,Deques,313,0,26,0,83,0,24,0,11,0
Java,com.thealgorithms.strings,WordLadder,164,0,18,0,38,0,12,0,3,0
Java,com.thealgorithms.strings,Alphabetical,76,0,16,0,14,0,12,0,4,0
Java,com.thealgorithms.strings,Rotation,85,0,6,0,19,0,9,0,6,0
Java,com.thealgorithms.strings,PermuteString,69,0,4,0,18,0,6,0,4,0
Java,com.thealgorithms.strings,longestNonRepeativeSubstring,96,0,16,0,21,0,10,0,2,0
Java,com.thealgorithms.strings,Isomorphic,76,0,10,0,14,0,7,0,2,0
Java,com.thealgorithms.strings,Anagrams,316,0,32,0,58,0,22,0,6,0
Java,com.thealgorithms.strings,HorspoolSearch,160,0,18,0,37,0,19,0,10,0
Java,com.thealgorithms.strings,Pangram,98,0,20,0,15,0,14,0,4,0
Java,com.thealgorithms.strings,Palindrome,179,0,36,0,26,0,24,0,6,0
Java,com.thealgorithms.strings,Lower,84,0,10,0,12,0,9,0,4,0
Java,com.thealgorithms.strings,Upper,92,0,14,0,14,0,11,0,4,0
Java,com.thealgorithms.strings,CheckVowels,62,0,6,0,10,0,6,0,3,0
Java,com.thealgorithms.strings,CharactersSame,58,0,12,0,10,0,10,0,4,0
Java,com.thealgorithms.strings,CheckAnagrams,128,0,16,0,24,0,12,0,4,0
Java,com.thealgorithms.strings,HammingDistance,35,0,6,0,9,0,5,0,2,0
Java,com.thealgorithms.strings,ReverseString,74,0,10,0,13,0,10,0,5,0
Java,com.thealgorithms.strings,Solution,83,0,16,0,16,0,11,0,3,0
Java,com.thealgorithms.strings,List_all_Possible_Words_From_Phone_Digits,285,0,4,0,29,0,7,0,5,0
Java,com.thealgorithms.strings,LongestPalindromicSubstring,27,0,0,0,9,0,2,0,2,0
Java,com.thealgorithms.datastructures.graphs,Kruskal,295,3,20,0,53,1,15,1,5,1
Java,com.thealgorithms.datastructures.graphs,AdjacencyListGraph.Vertex,40,26,7,1,8,6,5,2,1,2
Java,com.thealgorithms.datastructures.graphs,HamiltonianCycle,89,102,11,11,13,19,8,7,0,4
Java,com.thealgorithms.datastructures.graphs,AdjacencyList,0,97,0,6,0,21,0,8,0,5
Java,com.thealgorithms.datastructures.graphs,BipartiteGrapfDFS,163,32,20,4,32,8,12,4,1,3
Java,com.thealgorithms.datastructures.graphs,A_Star.PathAndDistance,36,0,2,0,12,0,6,0,5,0
Java,com.thealgorithms.datastructures.graphs,Cycles,9,3,0,0,4,1,1,1,1,1
Java,com.thealgorithms.datastructures.graphs,FloydWarshall,98,132,9,17,21,28,6,10,1,2
Java,com.thealgorithms.datastructures.graphs,Graph.Edge,0,12,0,0,0,4,0,1,0,1
Java,com.thealgorithms.datastructures.graphs,KahnsAlgorithm,50,3,2,0,12,1,2,1,1,1
Java,com.thealgorithms.datastructures.graphs,A_Star,713,3,14,0,109,1,11,1,4,1
Java,com.thealgorithms.datastructures.graphs,Graph,0,153,0,20,0,34,0,14,0,4
Java,com.thealgorithms.datastructures.graphs,Graph.Node,0,9,0,0,0,3,0,1,0,1
Java,com.thealgorithms.datastructures.graphs,dijkstras,383,155,3,19,4,27,4,12,1,4
Java,com.thealgorithms.datastructures.graphs,Cycle,231,0,22,0,43,0,15,0,4,0
Java,com.thealgorithms.datastructures.graphs,MatrixGraphs,93,3,0,0,21,1,1,1,1,1
Java,com.thealgorithms.datastructures.graphs,BellmanFord.Edge,0,15,0,0,0,5,0,1,0,1
Java,com.thealgorithms.datastructures.graphs,Graphs,104,4,16,0,11,1,9,2,1,2
Java,com.thealgorithms.datastructures.graphs,A_Star.Edge,21,0,0,0,8,0,4,0,4,0
Java,com.thealgorithms.datastructures.graphs,ConnectedComponent,115,3,0,0,23,1,1,1,1,1
Java,com.thealgorithms.datastructures.graphs,TopologicalSort,150,11,16,0,28,4,9,2,1,2
Java,com.thealgorithms.datastructures.graphs,Kruskal.Edge,12,0,0,0,5,0,1,0,1,0
Java,com.thealgorithms.datastructures.graphs,AdjacencyListGraph,15,150,9,15,6,35,8,8,0,4
Java,com.thealgorithms.datastructures.graphs,A_Star.Graph,63,0,2,0,11,0,4,0,3,0
Java,com.thealgorithms.datastructures.graphs,BellmanFord,439,16,44,0,74,6,28,1,6,1
Java,com.thealgorithms.datastructures.graphs,AdjacencyMatrixGraph,27,331,2,52,5,80,1,42,0,16
Java,com.thealgorithms.datastructures.graphs,PrimMST,136,152,0,20,4,31,1,14,1,4
Java,com.thealgorithms.datastructures.bags,Bag,48,64,2,6,12,18,2,9,1,6
Java,com.thealgorithms.datastructures.bags,Bag.ListIterator,8,30,1,3,2,8,2,4,1,3
Java,com.thealgorithms.ciphers.a5,LFSR,23,125,1,5,6,25,1,13,0,11
Java,com.thealgorithms.ciphers.a5,CompositeLFSR,35,61,4,2,6,11,4,3,1,3
Java,com.thealgorithms.ciphers.a5,A5KeyStreamGenerator,136,37,1,3,20,10,6,4,5,3
Java,com.thealgorithms.ciphers.a5,A5Cipher,27,7,0,0,9,2,2,1,2,1
Java,com.thealgorithms.ciphers.a5,Utils,16,13,4,2,3,5,3,2,0,2
Java,com.thealgorithms.datastructures.hashmap.hashing,GenericHashMapUsingArray,51,243,5,21,10,53,4,19,1,9
Java,com.thealgorithms.datastructures.hashmap.hashing,HashMapCuckooHashing,35,486,6,56,9,106,6,38,0,13
Java,com.thealgorithms.datastructures.hashmap.hashing,GenericHashMapUsingArrayList.Node,0,12,0,0,0,4,0,1,0,1
Java,com.thealgorithms.datastructures.hashmap.hashing,HashMap,0,87,0,6,0,20,0,8,0,5
Java,com.thealgorithms.datastructures.hashmap.hashing,MainCuckooHashing,101,3,8,0,36,1,8,1,1,1
Java,com.thealgorithms.datastructures.hashmap.hashing,MainLinearProbing,82,3,7,0,31,1,7,1,1,1
Java,com.thealgorithms.datastructures.hashmap.hashing,GenericHashMapUsingArrayList,92,206,15,13,21,41,11,11,1,7
Java,com.thealgorithms.datastructures.hashmap.hashing,Intersection,0,102,1,15,0,11,1,8,0,1
Java,com.thealgorithms.datastructures.hashmap.hashing,GenericHashMapUsingArray.Node,0,12,0,0,0,4,0,1,0,1
Java,com.thealgorithms.datastructures.hashmap.hashing,Main,60,3,5,0,22,1,5,1,1,1
Java,com.thealgorithms.datastructures.hashmap.hashing,HashMapLinearProbing,1,333,3,45,1,81,3,31,0,10
Java,com.thealgorithms.datastructures.hashmap.hashing,HashMap.Node,0,19,0,0,0,8,0,4,0,4
Java,com.thealgorithms.datastructures.hashmap.hashing,HashMap.LinkedList,11,140,2,20,2,40,2,19,0,10
Java,com.thealgorithms.datastructures.caches,LFUCache.Node,0,15,0,0,0,5,0,1,0,1
Java,com.thealgorithms.datastructures.caches,LFUCache,0,217,2,20,0,61,2,15,0,6
Java,com.thealgorithms.datastructures.caches,MRUCache,48,173,7,15,12,54,7,13,1,8
Java,com.thealgorithms.datastructures.caches,LRUCache.Entry,0,46,0,0,0,19,0,10,0,10
Java,com.thealgorithms.datastructures.caches,LRUCache,48,173,7,15,12,54,7,13,1,8
Java,com.thealgorithms.datastructures.caches,MRUCache.Entry,0,46,0,0,0,19,0,10,0,10
Java,com.thealgorithms.divideandconquer,SkylineAlgorithm.XComparator,0,12,0,0,0,2,0,2,0,2
Java,com.thealgorithms.divideandconquer,BinaryExponentiation,6,31,0,4,2,8,1,4,1,2
Java,com.thealgorithms.divideandconquer,SkylineAlgorithm.Point,0,39,2,6,0,7,2,6,0,4
Java,com.thealgorithms.divideandconquer,ClosestPair.Location,0,9,0,0,0,4,0,1,0,1
Java,com.thealgorithms.divideandconquer,SkylineAlgorithm,17,186,5,23,5,35,4,14,0,4
Java,com.thealgorithms.divideandconquer,StrassenMatrixMultiplication,216,433,4,18,12,57,3,15,1,6
Java,com.thealgorithms.divideandconquer,ClosestPair,409,328,29,23,65,76,17,22,1,12
Java,com.thealgorithms.datastructures.stacks,StackArrayList,143,0,22,0,29,0,19,0,8,0
Java,com.thealgorithms.datastructures.stacks,LinkedListStack,111,0,8,0,30,0,11,0,7,0
Java,com.thealgorithms.datastructures.stacks,NextSmallerElement,104,0,10,0,17,0,8,0,3,0
Java,com.thealgorithms.datastructures.stacks,CalculateMaxOfMin,82,0,4,0,20,0,4,0,2,0
Java,com.thealgorithms.datastructures.stacks,InfixToPostfix,151,0,30,0,31,0,21,0,5,0
Java,com.thealgorithms.datastructures.stacks,NodeStack,174,0,6,0,57,0,23,0,20,0
Java,com.thealgorithms.datastructures.stacks,DecimalToAnyUsingStack,186,0,18,0,21,0,13,0,4,0
Java,com.thealgorithms.datastructures.stacks,StackArray,234,0,30,0,50,0,27,0,12,0
Java,com.thealgorithms.datastructures.stacks,StackOfLinkedList,60,0,4,0,14,0,5,0,3,0
Java,com.thealgorithms.datastructures.stacks,ReverseStack,98,0,8,0,30,0,8,0,4,0
Java,com.thealgorithms.datastructures.stacks,MaximumMinimumWindow,275,0,30,0,37,0,19,0,4,0
Java,com.thealgorithms.datastructures.stacks,PostfixToInfix,218,0,38,0,51,0,25,0,6,0
Java,com.thealgorithms.datastructures.stacks,BalancedBrackets,159,0,21,0,22,0,16,0,5,0
Java,com.thealgorithms.datastructures.stacks,DuplicateBrackets,69,0,10,0,17,0,8,0,3,0
Java,com.thealgorithms.datastructures.stacks,Node,9,0,0,0,4,0,1,0,1,0
Java,com.thealgorithms.datastructures.stacks,NextGraterElement,92,0,8,0,14,0,7,0,3,0
Java,com.thealgorithms.datastructures.stacks,LargestRectangle,148,0,12,0,20,0,10,0,4,0
Java,com.thealgorithms.misc,ColorContrastRatio,195,0,16,0,35,0,16,0,8,0
Java,com.thealgorithms.misc,Trie,62,0,4,0,14,0,4,0,2,0
Java,com.thealgorithms.misc,RangeInSortedArray,383,0,44,0,55,0,30,0,8,0
Java,com.thealgorithms.misc,InverseOfMatrix,430,0,40,0,66,0,24,0,4,0
Java,com.thealgorithms.misc,TrieNode,11,0,0,0,3,0,1,0,1,0
Java,com.thealgorithms.misc,ThreeSumProblem,354,0,28,0,68,0,19,0,5,0
Java,com.thealgorithms.misc,TwoSumProblem,284,0,26,0,63,0,20,0,7,0
Java,com.thealgorithms.misc,Sparcity,95,0,10,0,19,0,8,0,3,0
Java,com.thealgorithms.misc,WordBoggle,738,0,40,0,51,0,26,0,6,0
Java,com.thealgorithms.misc,PalindromePrime,87,0,14,0,28,0,12,0,5,0
Java,com.thealgorithms.misc,matrixTranspose,105,0,12,0,22,0,8,0,2,0
Java,com.thealgorithms.misc,Sort012D,98,0,10,0,30,0,9,0,3,0
Java,com.thealgorithms.misc,MedianOfRunningArray,138,0,8,0,17,0,8,0,4,0
Java,com.thealgorithms.misc,PalindromeSinglyLinkedList,79,0,8,0,20,0,7,0,3,0
Java,com.thealgorithms.ciphers,AESEncryption,32,91,0,2,11,18,1,7,1,6
Java,com.thealgorithms.ciphers,RSA,37,97,0,2,9,19,3,5,3,4
Java,com.thealgorithms.ciphers,Blowfish,340,4211,13,1,60,6,15,2,8,2
Java,com.thealgorithms.ciphers,Vigenere,54,111,2,10,11,21,3,7,1,3
Java,com.thealgorithms.ciphers,SimpleSubCipher,12,169,0,12,4,29,1,9,1,3
Java,com.thealgorithms.ciphers,Caesar,118,145,13,23,29,29,10,16,1,6
Java,com.thealgorithms.ciphers,AES,1068,9377,29,4,159,22,27,6,11,5
Java,com.thealgorithms.ciphers,HillCipher,407,89,40,10,80,19,26,7,4,4
Java,com.thealgorithms.ciphers,SimpleSubstitutionCipher,12,175,0,12,4,29,1,9,1,3
Java,com.thealgorithms.ciphers,ColumnarTranspositionCipher,120,337,10,32,23,60,9,25,3,10
Java,com.thealgorithms.ciphers,Polybius,0,243,0,10,0,22,0,10,0,5
Java,com.thealgorithms.ciphers,ProductCipher,196,3,16,0,44,1,9,1,1,1
Java,com.thealgorithms.ciphers,AffineCipher,16,112,0,12,6,22,1,10,1,4
Java,com.thealgorithms.others,PasswordGen,9,77,0,4,3,17,1,4,1,2
Java,com.thealgorithms.others,QueueWithStack,0,91,0,16,0,18,0,16,0,8
Java,com.thealgorithms.others,EulersFunction,12,44,2,8,3,10,2,6,1,2
Java,com.thealgorithms.others,SkylineProblem.Skyline,0,12,0,0,0,4,0,1,0,1
Java,com.thealgorithms.others,FirstFitCPU,0,61,0,8,0,12,0,7,0,3
Java,com.thealgorithms.others,ArrayLeftRotation,0,34,0,2,0,8,0,3,0,2
Java,com.thealgorithms.others,KochSnowflake,222,248,24,8,26,49,13,10,1,6
Java,com.thealgorithms.others,MiniMaxAlgorithm,38,165,5,17,12,31,4,15,1,7
Java,com.thealgorithms.others,CRC32,6,53,0,6,2,10,1,6,1,3
Java,com.thealgorithms.others,FibbonaciSeries,30,3,2,0,11,1,2,1,1,1
Java,com.thealgorithms.others,RabinKarp,143,6,16,0,31,2,10,2,2,2
Java,com.thealgorithms.others,SJF,9,3,0,0,4,1,1,1,1,1
Java,com.thealgorithms.others,StackPostfixNotation,87,17,8,2,19,5,5,3,1,2
Java,com.thealgorithms.others,Dijkstra,12,88,0,0,4,2,1,2,1,2
Java,com.thealgorithms.others,LowestBasePalindrome,121,75,13,9,33,22,10,6,2,3
Java,com.thealgorithms.others,ReturnSubsequence,93,3,8,0,22,1,6,1,2,1
Java,com.thealgorithms.others,Schedule.new Comparator() {...},12,0,0,0,2,0,2,0,2,0
Java,com.thealgorithms.others,Schedule.new Comparator() {...},44,0,0,0,8,0,2,0,2,0
Java,com.thealgorithms.others,Schedule,450,0,26,0,77,0,19,0,6,0
Java,com.thealgorithms.others,ThreeSum,95,3,10,0,19,1,6,1,1,1
Java,com.thealgorithms.others,MyComparator,6,3,0,0,1,1,1,1,1,1
Java,com.thealgorithms.others,PerlinNoise,114,243,8,20,30,40,5,14,1,4
Java,com.thealgorithms.others,Luhn.CreditCard,106,0,12,0,22,0,13,0,7,0
Java,com.thealgorithms.others,GuassLegendre,12,92,2,2,3,15,2,4,1,3
Java,com.thealgorithms.others,FloydTriangle,37,3,4,0,9,1,3,1,1,1
Java,com.thealgorithms.others,StringMatchFiniteAutomata,32,124,3,19,10,24,3,14,1,5
Java,com.thealgorithms.others,countSetBits,0,22,0,2,0,6,0,3,0,2
Java,com.thealgorithms.others,Graph.Edge,0,12,0,0,0,5,0,1,0,1
Java,com.thealgorithms.others,Verhoeff,145,876,9,1,37,7,12,3,7,3
Java,com.thealgorithms.others,Damm,120,470,9,1,29,5,12,3,7,3
Java,com.thealgorithms.others,HappyNumbersSeq,62,41,8,0,15,3,7,2,3,2
Java,com.thealgorithms.others,WorstFitCPU,0,76,0,10,0,17,0,8,0,3
Java,com.thealgorithms.others,RootPrecision,19,28,0,0,6,6,1,2,1,2
Java,com.thealgorithms.others,Luhn,190,54,2,8,25,11,4,6,3,2
Java,com.thealgorithms.others,Process,0,3,0,0,0,1,0,1,0,1
Java,com.thealgorithms.others,Krishnamurthy,46,18,4,2,14,5,3,3,1,2
Java,com.thealgorithms.others,Graph.Vertex,65,155,25,15,14,29,15,11,0,6
Java,com.thealgorithms.others,MemoryManagementAlgorithms,0,3,0,0,0,1,0,1,0,1
Java,com.thealgorithms.others,KMP,30,90,6,12,7,22,6,7,1,3
Java,com.thealgorithms.others,QueueUsingTwoStacks,90,3,2,0,24,1,2,1,1,1
Java,com.thealgorithms.others,TwoPointers,130,4,12,0,19,1,8,2,2,2
Java,com.thealgorithms.others,Rotate,0,87,0,10,0,17,0,7,0,2
Java,com.thealgorithms.others,TopKWords.CountWords,67,20,9,1,17,10,5,2,0,2
Java,com.thealgorithms.others,CountWords,84,3,14,0,19,1,10,1,3,1
Java,com.thealgorithms.others,SieveOfEratosthenes,15,92,0,12,5,19,1,9,1,3
Java,com.thealgorithms.others,SkylineProblem,277,44,20,6,54,14,15,5,3,4
Java,com.thealgorithms.others,BrianKernighanAlgorithm,17,17,0,2,6,6,1,3,1,2
Java,com.thealgorithms.others,BoyerMoore,29,56,2,12,7,16,2,8,1,2
Java,com.thealgorithms.others,Trieac.TrieNode,0,7,0,0,0,2,0,1,0,1
Java,com.thealgorithms.others,Graph,0,257,0,28,0,47,0,19,0,5
Java,com.thealgorithms.others,BFPRT,95,328,1,39,5,61,2,29,1,10
Java,com.thealgorithms.others,PageRank,95,206,11,19,19,36,7,11,1,2
Java,com.thealgorithms.others,Sudoku,405,179,8,30,12,38,7,17,1,4
Java,com.thealgorithms.others,ReverseStackUsingRecursion,80,8,10,0,24,2,8,2,3,2
Java,com.thealgorithms.others,LinearCongruentialGenerator,21,39,2,0,5,10,2,3,1,3
Java,com.thealgorithms.others,SkylineProblem.Building,0,15,0,0,0,5,0,1,0,1
Java,com.thealgorithms.others,Rotate_by_90_degree,53,33,6,4,14,6,4,4,1,2
Java,com.thealgorithms.others,TowerOfHanoi,19,39,0,2,6,6,1,3,1,2
Java,com.thealgorithms.others,Trieac,88,167,16,26,26,41,13,16,1,7
Java,com.thealgorithms.others,InsertDeleteInArray,129,3,12,0,28,1,7,1,1,1
Java,com.thealgorithms.others,NextFit,0,93,0,10,0,17,0,8,0,3
Java,com.thealgorithms.others,BankersAlgorithm,174,121,20,16,36,28,14,8,1,3
Java,com.thealgorithms.others,TopKWords,66,3,4,0,15,1,4,1,2,1
Java,com.thealgorithms.others,BestFitCPU,0,105,0,14,0,20,0,11,0,4
Java,com.thealgorithms.others,CountChar,0,9,0,0,0,2,0,2,0,2
Java,com.thealgorithms.others,Mandelbrot,99,275,8,26,13,49,5,21,1,6
Java,com.thealgorithms.others,CRCAlgorithm,107,250,22,28,14,54,16,18,0,9
Java,com.thealgorithms.others,SieveOfEratosthenes.Type,0,15,0,0,0,3,0,1,0,1
Java,com.thealgorithms.others,RemoveDuplicateFromString,23,42,2,6,7,9,3,4,1,2
Java,com.thealgorithms.others,HuffmanNode,0,3,0,0,0,1,0,1,0,1
Java,com.thealgorithms.others,Huffman,179,3,10,0,35,1,7,1,2,1
Java,com.thealgorithms.others,KochSnowflake.Vector2,17,99,0,0,1,19,1,5,1,5
Java,com.thealgorithms.maths,Ceil,4,27,1,3,1,5,1,3,0,2
Java,com.thealgorithms.maths,ParseInteger,68,53,17,9,8,10,13,4,1,3
Java,com.thealgorithms.maths,FindMinRecursion,59,52,6,4,10,10,4,6,1,4
Java,com.thealgorithms.maths,DistanceFormula,0,108,0,8,0,22,0,9,0,5
Java,com.thealgorithms.maths,Floor,32,26,5,3,6,5,4,4,1,3
Java,com.thealgorithms.maths,AbsoluteMin,0,43,0,4,0,10,0,6,0,4
Java,com.thealgorithms.maths,PythagoreanTriple,63,25,13,7,7,4,8,6,1,3
Java,com.thealgorithms.maths,GenericRoot,47,3,6,0,15,1,5,1,2,1
Java,com.thealgorithms.maths,KeithNumber,19,68,2,8,6,16,2,6,1,2
Java,com.thealgorithms.maths,Gaussian,37,202,4,16,3,29,4,10,0,4
Java,com.thealgorithms.maths,GCD,40,55,0,12,6,15,1,9,1,3
Java,com.thealgorithms.maths,MinValue,36,11,4,2,6,2,3,4,1,3
Java,com.thealgorithms.maths,ConvolutionFFT,26,58,3,3,5,12,2,4,0,3
Java,com.thealgorithms.maths,PerfectNumber,25,28,6,6,4,6,4,6,1,3
Java,com.thealgorithms.maths,LeastCommonMultiple,24,37,0,8,8,11,1,6,1,2
Java,com.thealgorithms.maths,LinearDiophantineEquationsSolver.GcdSolutionWrapper,17,59,2,8,2,17,3,10,1,7
Java,com.thealgorithms.maths,LinearDiophantineEquationsSolver.Equation,0,21,0,0,0,1,0,4,0,4
Java,com.thealgorithms.maths,FastInverseSqrt,2,92,1,5,0,17,1,5,0,3
Java,com.thealgorithms.maths,FFT.Complex,0,203,0,0,0,41,0,12,0,12
Java,com.thealgorithms.maths,Mode,190,101,10,10,9,15,6,9,1,4
Java,com.thealgorithms.maths,FFT,101,137,6,20,12,33,4,16,0,7
Java,com.thealgorithms.maths,Armstrong,0,39,0,4,0,9,0,4,0,2
Java,com.thealgorithms.maths,VampireNumber,4,128,0,18,2,29,1,13,1,4
Java,com.thealgorithms.maths,PalindromeNumber,25,40,6,6,4,11,4,6,1,3
Java,com.thealgorithms.maths,PiNilakantha,35,63,7,7,5,11,5,6,1,3
Java,com.thealgorithms.maths,JugglerSequence,3,58,0,4,2,16,1,4,1,2
Java,com.thealgorithms.maths,AmicableNumber,4,84,0,14,2,19,1,11,1,4
Java,com.thealgorithms.maths,VectorCrossProduct,2,147,0,0,2,26,1,7,1,7
Java,com.thealgorithms.maths,PollardRho,0,48,0,4,0,10,0,5,0,3
Java,com.thealgorithms.maths,TrinomialTriangle,5,76,0,14,3,16,1,10,1,3
Java,com.thealgorithms.maths,JosephusProblem,0,24,0,2,0,5,0,4,0,3
Java,com.thealgorithms.maths,NthUglyNumber,24,85,0,8,7,19,1,6,1,2
Java,com.thealgorithms.maths,AbsoluteMax.new Object() {...},0,12,0,0,0,2,0,1,0,1
Java,com.thealgorithms.maths,CollatzConjecture,0,51,0,6,0,12,0,6,0,3
Java,com.thealgorithms.maths,Perimeter,23,25,0,0,4,7,1,4,1,4
Java,com.thealgorithms.maths,PronicNumber,2,22,1,5,1,4,1,4,0,2
Java,com.thealgorithms.maths,LeonardoNumber,13,26,2,6,3,6,2,5,1,2
Java,com.thealgorithms.maths,ReverseNumber,41,3,2,0,15,1,2,1,1,1
Java,com.thealgorithms.maths,NonRepeatingElement,103,3,10,0,25,1,6,1,1,1
Java,com.thealgorithms.maths,SumWithoutArithmeticOperators,0,22,0,2,0,5,0,3,0,2
Java,com.thealgorithms.maths,Convolution,0,61,0,6,0,9,0,5,0,2
Java,com.thealgorithms.maths,LinearDiophantineEquationsSolver.Solution,16,73,0,10,1,19,1,13,1,8
Java,com.thealgorithms.maths,MobiusFunction,0,48,0,14,0,12,0,9,0,2
Java,com.thealgorithms.maths,PowRecursion,57,17,8,2,5,2,5,4,1,3
Java,com.thealgorithms.maths,SimpsonIntegration,37,117,2,10,11,20,2,8,1,3
Java,com.thealgorithms.maths,EulerMethod,212,66,7,7,31,15,11,7,7,4
Java,com.thealgorithms.maths,Combinations,0,78,0,14,0,14,0,11,0,4
Java,com.thealgorithms.maths,FibonacciNumber,41,40,11,5,6,6,7,6,1,4
Java,com.thealgorithms.maths,KrishnamurthyNumber,28,44,2,8,7,15,2,6,1,2
Java,com.thealgorithms.maths,Median,144,37,10,2,6,6,6,4,1,3
Java,com.thealgorithms.maths,DigitalRoot,0,28,0,4,0,7,0,5,0,3
Java,com.thealgorithms.maths,BinomialCoefficient,0,29,0,6,0,8,0,5,0,2
Java,com.thealgorithms.maths,StandardDeviation,0,54,0,4,0,10,0,4,0,2
Java,com.thealgorithms.maths,FindKthNumber,149,8,16,0,37,2,13,2,5,2
Java,com.thealgorithms.maths,SquareRootWithNewtonRaphsonMethod,0,36,0,2,0,7,0,3,0,2
Java,com.thealgorithms.maths,Average,155,56,8,4,9,9,5,6,1,4
Java,com.thealgorithms.maths,ADTFraction,0,105,0,2,0,15,0,10,0,9
Java,com.thealgorithms.maths,MagicSquare,139,3,16,0,25,1,9,1,1,1
Java,com.thealgorithms.maths,DeterminantOfMatrix,71,72,8,8,14,14,7,4,1,2
Java,com.thealgorithms.maths,MaxValue,36,11,4,2,6,2,3,4,1,3
Java,com.thealgorithms.maths,Factorial,41,27,8,4,5,6,5,5,1,3
Java,com.thealgorithms.maths,PowerOfTwoOrNot,41,16,10,4,6,2,6,5,1,3
Java,com.thealgorithms.maths,FindMin,40,27,4,4,7,6,3,5,1,3
Java,com.thealgorithms.maths,HeronsFormula,0,39,0,0,0,8,0,2,0,2
Java,com.thealgorithms.maths,PerfectSquare,41,18,10,2,6,3,6,4,1,3
Java,com.thealgorithms.maths,FindMaxRecursion,59,52,6,4,10,10,4,6,1,4
Java,com.thealgorithms.maths,LucasSeries,92,45,28,6,8,11,15,7,1,4
Java,com.thealgorithms.maths,BinaryPow,0,27,0,4,0,8,0,4,0,2
Java,com.thealgorithms.maths,KaprekarNumbers,0,135,0,14,0,29,0,10,0,3
Java,com.thealgorithms.maths,PrimeCheck,39,102,4,16,11,20,3,12,1,4
Java,com.thealgorithms.maths,SumOfDigits,49,80,18,12,10,17,10,11,1,5
Java,com.thealgorithms.maths,HarshadNumber,14,92,0,8,5,21,1,6,1,2
Java,com.thealgorithms.maths,FFTBluestein,162,38,10,4,19,9,6,3,0,2
Java,com.thealgorithms.maths,RomanNumeralUtil,0,210,1,3,0,11,1,4,0,3
Java,com.thealgorithms.maths,AbsoluteMax,0,43,0,4,0,10,0,6,0,4
Java,com.thealgorithms.maths,AbsoluteValue,0,10,0,2,0,2,0,3,0,2
Java,com.thealgorithms.maths,AliquotSum,0,42,0,2,0,8,0,6,0,5
Java,com.thealgorithms.maths,SquareRootWithBabylonianMethod,0,29,0,2,0,8,0,3,0,2
Java,com.thealgorithms.maths,NumberOfDigits,148,4,18,0,17,1,14,2,5,2
Java,com.thealgorithms.maths,PrimeFactorization,0,60,0,10,0,14,0,7,0,2
Java,com.thealgorithms.maths,StandardScore,0,11,0,0,0,3,0,2,0,2
Java,com.thealgorithms.maths,FibonacciJavaStreams,325,28,15,3,57,7,24,4,16,3
Java,com.thealgorithms.maths,FindMax,40,27,4,4,7,6,3,5,1,3
Java,com.thealgorithms.maths,DudeneyNumber,2,43,1,5,1,13,1,4,0,2
Java,com.thealgorithms.maths,Area,229,4,28,0,27,1,26,2,12,2
Java,com.thealgorithms.maths,SumOfArithmeticSeries,77,4,10,0,7,1,7,2,2,2
Java,com.thealgorithms.maths,PascalTriangle,0,57,0,8,0,7,0,6,0,2
Java,com.thealgorithms.maths,CircularConvolutionFFT,53,20,5,1,10,6,3,3,0,3
Java,com.thealgorithms.maths,FactorialRecursion,51,26,10,6,6,4,6,6,1,3
Java,com.thealgorithms.maths,Volume,143,4,16,0,17,1,17,2,9,2
Java,com.thealgorithms.maths,AbsoluteMin.new Object() {...},0,12,0,0,0,2,0,1,0,1
Java,com.thealgorithms.maths,AliquotSum.new Object() {...},0,6,0,0,0,2,0,1,0,1
Java,com.thealgorithms.maths,AutomorphicNumber,26,40,2,4,7,13,2,4,1,2
Java,com.thealgorithms.maths,PerfectCube,49,21,12,2,7,3,7,4,1,3
Java,com.thealgorithms.maths,LiouvilleLambdaFunction,0,20,0,4,0,4,0,4,0,2
Java,com.thealgorithms.maths,Pow,57,20,8,2,5,5,5,4,1,3
Java,com.thealgorithms.maths,TwinPrime,4,13,1,3,1,3,1,3,0,2
Java,com.thealgorithms.maths,GCDRecursion,20,32,0,10,4,8,1,7,1,2
Java,com.thealgorithms.maths,LinearDiophantineEquationsSolver,14,132,1,9,4,24,2,7,1,3
Java,com.thealgorithms.maths,MatrixUtil,581,150,4,22,45,30,11,20,7,11
Java,com.thealgorithms.audiofilters,IIRFilter,6,191,2,12,2,29,2,8,0,3
Java,com.thealgorithms.sorts,BitonicSort,53,130,0,16,7,26,1,14,1,6
Java,com.thealgorithms.sorts,TopologicalSort.Vertex,0,14,0,0,0,5,0,1,0,1
Java,com.thealgorithms.sorts,ShellSort,105,51,7,7,9,10,6,5,1,3
Java,com.thealgorithms.sorts,TopologicalSort.BackEdgeException,0,5,0,0,0,2,0,1,0,1
Java,com.thealgorithms.sorts,TopologicalSort.Graph,0,32,0,2,0,6,0,3,0,2
Java,com.thealgorithms.sorts,MergeSortRecursive.new ArrayList() {...},0,14,0,0,0,3,0,1,0,1
Java,com.thealgorithms.sorts,MergeSortRecursive.new ArrayList() {...},0,14,0,0,0,3,0,1,0,1
Java,com.thealgorithms.sorts,CountingSort,197,70,0,4,31,10,7,6,7,4
Java,com.thealgorithms.sorts,CircleSort,145,103,11,15,12,20,8,10,1,4
Java,com.thealgorithms.sorts,OddEvenSort,63,81,6,10,11,17,4,9,1,4
Java,com.thealgorithms.sorts,BogoSort,114,35,4,4,13,7,5,5,2,4
Java,com.thealgorithms.sorts,SortAlgorithm,10,0,0,0,2,0,1,0,1,0
Java,com.thealgorithms.sorts,SlowSort,109,54,1,3,13,11,2,4,1,3
Java,com.thealgorithms.sorts,App,73,3,0,0,4,1,1,1,1,1
Java,com.thealgorithms.sorts,Task2,52,122,8,16,11,25,5,12,0,5
Java,com.thealgorithms.sorts,Task1,78,15,12,2,14,5,7,3,0,3
Java,com.thealgorithms.sorts,WiggleSort,19,149,2,16,4,30,2,12,0,5
Java,com.thealgorithms.sorts,RadixSort,185,17,14,2,27,4,11,3,4,2
Java,com.thealgorithms.sorts,MergeSort,153,100,11,9,12,22,8,8,1,5
Java,com.thealgorithms.sorts,CycleSort,163,42,16,6,39,10,11,4,2,2
Java,com.thealgorithms.sorts,TreeSort,268,53,2,4,39,11,4,5,3,3
Java,com.thealgorithms.sorts,QuickSort,0,95,1,9,0,23,1,9,0,5
Java,com.thealgorithms.sorts,PancakeSort,157,51,0,6,34,11,1,5,1,2
Java,com.thealgorithms.sorts,CocktailShakerSort,114,50,4,6,11,13,4,4,1,2
Java,com.thealgorithms.sorts,SimpleSort,131,32,1,5,19,6,2,4,1,2
Java,com.thealgorithms.sorts,TopologicalSort.Color,0,21,0,0,0,4,0,1,0,1
Java,com.thealgorithms.sorts,BucketSort,161,58,16,8,28,11,11,8,3,4
Java,com.thealgorithms.sorts,MergeSortRecursive,4,109,1,11,1,29,1,9,0,4
Java,com.thealgorithms.sorts,DutchNationalFlagSort,0,68,0,6,0,17,0,7,0,4
Java,com.thealgorithms.sorts,BubbleSortRecursion,72,34,8,4,12,8,6,5,1,4
Java,com.thealgorithms.sorts,BinaryInsertionSort,0,68,0,8,0,15,0,6,0,2
Java,com.thealgorithms.sorts,BubbleSort,11,37,2,6,2,8,2,4,0,2
Java,com.thealgorithms.sorts,LinkList_Sort,140,110,19,13,32,26,11,9,0,3
Java,com.thealgorithms.sorts,SelectionSort,153,40,10,6,14,8,7,5,1,3
Java,com.thealgorithms.sorts,MergeSortNoExtraSpace,47,161,4,14,11,32,3,11,1,4
Java,com.thealgorithms.sorts,Task,0,185,0,24,0,33,0,17,0,5
Java,com.thealgorithms.sorts,SortUtils,18,60,0,8,7,13,2,11,2,7
Java,com.thealgorithms.sorts,StoogeSort,108,59,1,3,13,11,2,4,1,3
Java,com.thealgorithms.sorts,TopologicalSort,12,92,1,5,2,21,1,7,0,5
Java,com.thealgorithms.sorts,SwapSort,136,44,4,6,21,14,4,5,1,3
Java,com.thealgorithms.sorts,InsertionSort,104,34,3,5,10,6,4,3,1,2
Java,com.thealgorithms.sorts,HeapSort.Heap,21,147,3,17,4,31,3,11,0,4
Java,com.thealgorithms.sorts,CombSort,114,56,2,8,25,12,3,6,1,3
Java,com.thealgorithms.sorts,GnomeSort,153,41,0,6,24,10,1,5,1,2
Java,com.thealgorithms.sorts,Node,0,3,0,0,0,1,0,1,0,1
Java,com.thealgorithms.sorts,TimSort,17,472,3,41,2,95,4,29,1,10
Java,com.thealgorithms.sorts,HeapSort,57,46,0,2,4,12,1,4,1,3
Java,com.thealgorithms.sorts,PigeonholeSort,80,115,4,12,10,17,3,9,1,3
Java,com.thealgorithms.sorts,StrandSort,93,3,14,0,22,1,9,1,2,1
Java,com.thealgorithms.sorts,DNFSort,103,34,5,3,20,10,5,4,1,3
Java,com.thealgorithms.datastructures.disjointsets,DisjointSets,5,56,2,6,2,14,2,6,0,4
Java,com.thealgorithms.datastructures.disjointsets,Node,0,9,0,0,0,4,0,1,0,1
Java,com.thealgorithms.datastructures.dynamicarray,DynamicArray.DynamicArrayIterator,84,6,10,0,17,1,9,1,4,1
Java,com.thealgorithms.datastructures.dynamicarray,DynamicArray,76,138,7,7,16,34,5,17,1,14
Java,com.thealgorithms.datastructures.lists,SkipList.Node,69,0,4,0,18,0,9,0,7,0
Java,com.thealgorithms.datastructures.lists,CreateAndDetectLoop,115,19,15,3,34,10,10,4,1,4
Java,com.thealgorithms.datastructures.lists,SkipList.BernoulliHeightStrategy,84,0,10,0,21,0,10,0,5,0
Java,com.thealgorithms.datastructures.lists,Link,88,12,0,0,32,5,1,2,1,2
Java,com.thealgorithms.datastructures.lists,CircleLinkedList,193,0,16,0,50,0,14,0,6,0
Java,com.thealgorithms.datastructures.lists,SkipList,385,0,42,0,93,0,31,0,10,0
Java,com.thealgorithms.datastructures.lists,CursorLinkedList.Node,0,9,0,0,0,4,0,1,0,1
Java,com.thealgorithms.datastructures.lists,CircleLinkedList.Node,9,0,0,0,4,0,1,0,1,0
Java,com.thealgorithms.datastructures.lists,SearchSinglyLinkedListRecursion,44,26,10,6,7,4,6,7,1,4
Java,com.thealgorithms.datastructures.lists,CursorLinkedList,4,344,2,32,1,82,2,24,0,9
Java,com.thealgorithms.datastructures.lists,Node,0,17,0,0,0,7,0,3,0,3
Java,com.thealgorithms.datastructures.lists,RandomNode,104,0,2,0,21,0,5,0,4,0
Java,com.thealgorithms.datastructures.lists,Merge_K_SortedLinkedlist.Node,12,0,0,0,4,0,1,0,1,0
Java,com.thealgorithms.datastructures.lists,MergeSortedSinglyLinkedList,56,65,8,10,11,18,5,8,1,3
Java,com.thealgorithms.datastructures.lists,DoublyLinkedList,20,61,3,7,5,20,3,7,0,5
Java,com.thealgorithms.datastructures.lists,RandomNode.ListNode,6,0,0,0,3,0,1,0,1,0
Java,com.thealgorithms.datastructures.lists,SinglyLinkedList,211,477,36,68,43,143,21,56,1,24
Java,com.thealgorithms.datastructures.lists,CountSinglyLinkedListRecursion,24,20,4,2,5,3,3,5,1,4
Java,com.thealgorithms.datastructures.lists,Merge_K_SortedLinkedlist,54,0,4,0,15,0,5,0,3,0
Java,com.thealgorithms.datastructures.lists,MergeSortedArrayList,119,0,12,0,23,0,9,0,3,0
Java,com.thealgorithms.datastructures.lists,LinkOperations,315,88,36,8,84,27,24,10,4,8
Java,com.thealgorithms.devutils.entities,ProcessDetails,0,47,0,0,0,20,0,11,0,11
Java,com.thealgorithms.others.cn,HammingDistance,4,65,1,5,1,14,1,4,0,2
Java,com.thealgorithms.scheduling,FCFSScheduling,94,0,6,0,20,0,7,0,4,0
Java,com.thealgorithms.datastructures.bloomfilter,BloomFilter,0,100,0,8,0,18,0,8,0,4
Java,com.thealgorithms.datastructures.bloomfilter,BloomFilter.Hash,0,35,0,2,0,8,0,4,0,3
Java,com.thealgorithms.searches,BreadthFirstSearch,160,0,8,0,34,0,11,0,7,0
Java,com.thealgorithms.searches,FibonacciSearch,170,0,12,0,33,0,9,0,3,0
Java,com.thealgorithms.searches,SquareRootBinarySearch,79,0,10,0,22,0,8,0,3,0
Java,com.thealgorithms.searches,IterativeTernarySearch,164,0,10,0,38,0,10,0,5,0
Java,com.thealgorithms.searches,RabinKarpAlgorithm,130,0,18,0,23,0,11,0,2,0
Java,com.thealgorithms.searches,DepthFirstSearch.Node,26,0,0,0,10,0,4,0,4,0
Java,com.thealgorithms.searches,DepthFirstSearch,142,0,4,0,31,0,10,0,8,0
Java,com.thealgorithms.searches,UnionFind,185,0,14,0,42,0,13,0,6,0
Java,com.thealgorithms.searches,HowManyTimesRotated,121,0,16,0,22,0,11,0,3,0
Java,com.thealgorithms.searches,Searcher,44,0,6,0,13,0,6,0,3,0
Java,com.thealgorithms.searches,InterpolationSearch,162,0,12,0,33,0,10,0,4,0
Java,com.thealgorithms.searches,RowColumnWiseSorted2dArrayBinarySearch,58,0,8,0,13,0,7,0,3,0
Java,com.thealgorithms.searches,UpperBound,157,0,8,0,32,0,10,0,6,0
Java,com.thealgorithms.searches,BinarySearch,153,0,8,0,34,0,10,0,6,0
Java,com.thealgorithms.searches,TernarySearch,184,0,12,0,38,0,12,0,6,0
Java,com.thealgorithms.searches,MonteCarloTreeSearch,270,0,30,0,58,0,24,0,9,0
Java,com.thealgorithms.searches,MonteCarloTreeSearch.Node,32,0,0,0,9,0,2,0,2,0
Java,com.thealgorithms.searches,ExponentialSearch,149,0,10,0,33,0,10,0,5,0
Java,com.thealgorithms.searches,KMPSearch,128,0,18,0,33,0,12,0,3,0
Java,com.thealgorithms.searches,JumpSearch,161,0,16,0,17,0,12,0,4,0
Java,com.thealgorithms.searches,IterativeBinarySearch,138,0,8,0,33,0,9,0,5,0
Java,com.thealgorithms.searches,SaddlebackSearch,123,0,12,0,22,0,9,0,3,0
Java,com.thealgorithms.searches,BinarySearch2dArray,244,0,26,0,26,0,16,0,3,0
Java,com.thealgorithms.searches,PerfectBinarySearch,120,0,10,0,17,0,9,0,4,0
Java,com.thealgorithms.searches,LinearSearchThread,125,0,12,0,27,0,8,0,2,0
Java,com.thealgorithms.searches,LowerBound,161,0,10,0,34,0,11,0,6,0
Java,com.thealgorithms.searches,QuickSelect,19,216,3,25,6,46,4,17,1,6
Java,com.thealgorithms.searches,LinearSearch,92,0,4,0,20,0,7,0,5,0
Java,com.thealgorithms.backtracking,Permutation,0,65,0,4,0,16,0,6,0,4
Java,com.thealgorithms.backtracking,KnightsTour,324,111,46,0,57,2,29,2,6,2
Java,com.thealgorithms.backtracking,KnightsTour.new Comparator() {...},11,0,0,0,2,0,2,0,2,0
Java,com.thealgorithms.backtracking,MazeRecursion,43,272,8,36,10,52,5,21,0,4
Java,com.thealgorithms.backtracking,PowerSum,34,83,0,6,10,15,1,7,1,4
Java,com.thealgorithms.backtracking,Combination,0,98,0,10,0,20,0,8,0,3
Java,com.thealgorithms.backtracking,NQueens,20,129,1,19,8,29,2,15,1,6
Java,com.thealgorithms.backtracking,FloodFill,0,117,0,10,0,17,0,9,0,4
Java,com.thealgorithms.minimizinglateness,MinimizingLateness,130,3,8,0,29,1,5,1,1,1
Java,com.thealgorithms.minimizinglateness,MinimizingLateness.Schedule,21,0,0,0,8,0,1,0,1,0
Java,com.thealgorithms.datastructures.heaps,EmptyHeapException,0,4,0,0,0,2,0,1,0,1
Java,com.thealgorithms.datastructures.heaps,MinHeap,322,68,39,9,53,17,27,7,5,5
Java,com.thealgorithms.datastructures.heaps,FibonacciHeap.HeapNode,12,50,3,1,5,15,4,5,2,5
Java,com.thealgorithms.datastructures.heaps,HeapElement,25,121,2,8,5,42,2,16,1,12
Java,com.thealgorithms.datastructures.heaps,MaxHeap,320,68,39,9,53,17,27,7,5,5
Java,com.thealgorithms.datastructures.heaps,MinPriorityQueue,103,253,13,23,19,51,10,18,1,9
Java,com.thealgorithms.datastructures.heaps,FibonacciHeap,137,477,19,39,38,117,14,37,2,20
Java,com.thealgorithms.datastructures.heaps,GenericHeap,2,227,1,13,1,47,1,18,0,12
Java,com.thealgorithms.dynamicprogramming,PalindromicPartitioning,41,142,5,19,8,22,5,10,1,2
Java,com.thealgorithms.dynamicprogramming,LongestIncreasingSubsequence,130,87,14,12,29,24,10,9,3,3
Java,com.thealgorithms.dynamicprogramming,LevenshteinDistance,140,3,18,0,25,1,12,1,3,1
Java,com.thealgorithms.dynamicprogramming,MinimumSumPartition,79,208,6,26,4,31,4,18,1,5
Java,com.thealgorithms.dynamicprogramming,EditDistance,71,228,1,21,14,37,2,14,1,4
Java,com.thealgorithms.dynamicprogramming,LongestPalindromicSubsequence,24,95,1,7,8,23,2,6,1,3
Java,com.thealgorithms.dynamicprogramming,BoardPath,32,94,6,14,7,24,4,12,0,6
Java,com.thealgorithms.dynamicprogramming,LongestCommonSubsequence,49,194,7,23,13,28,6,13,1,3
Java,com.thealgorithms.dynamicprogramming,CatalanNumber,20,55,0,4,6,9,1,4,1,2
Java,com.thealgorithms.dynamicprogramming,CoinChange,32,141,0,18,7,22,1,13,1,4
Java,com.thealgorithms.dynamicprogramming,DyanamicProgrammingKnapsack,43,101,0,12,6,12,1,9,1,3
Java,com.thealgorithms.dynamicprogramming,NewManShanksPrime,0,48,0,4,0,6,0,4,0,2
Java,com.thealgorithms.dynamicprogramming,KnapsackMemoization,199,3,12,0,24,1,9,1,3,1
Java,com.thealgorithms.dynamicprogramming,Sum_Of_Subset,41,39,2,10,6,8,2,7,1,2
Java,com.thealgorithms.dynamicprogramming,FordFulkerson,277,3,18,0,51,1,11,1,2,1
Java,com.thealgorithms.dynamicprogramming,Knapsack,140,3,14,0,17,1,9,1,2,1
Java,com.thealgorithms.dynamicprogramming,CountFriendsPairing,2,53,1,5,0,9,1,4,0,2
Java,com.thealgorithms.dynamicprogramming,SubsetSum,181,4,22,0,19,1,13,2,2,2
Java,com.thealgorithms.dynamicprogramming,MemoizationTechniqueKnapsack,49,120,1,13,7,16,2,10,1,4
Java,com.thealgorithms.dynamicprogramming,MinimumPathSum,0,302,0,10,0,26,0,11,0,6
Java,com.thealgorithms.dynamicprogramming,MatrixChainRecursiveTopDownMemoisation,29,120,0,12,4,19,1,9,1,3
Java,com.thealgorithms.dynamicprogramming,RegexMatching,200,295,41,61,35,59,28,29,1,5
Java,com.thealgorithms.dynamicprogramming,WineProblem,94,190,1,11,11,27,2,9,1,4
Java,com.thealgorithms.dynamicprogramming,UniquePaths,0,124,0,16,0,16,0,11,0,3
Java,com.thealgorithms.dynamicprogramming,ShortestSuperSequence,11,108,0,10,5,14,1,8,1,3
Java,com.thealgorithms.dynamicprogramming,LongestValidParentheses,86,57,15,7,14,13,10,4,1,2
Java,com.thealgorithms.dynamicprogramming,BruteForceKnapsack,43,59,0,8,6,9,1,7,1,3
Java,com.thealgorithms.dynamicprogramming,DP,31,74,0,12,6,9,1,8,1,2
Java,com.thealgorithms.dynamicprogramming,Fibonacci,23,119,0,12,7,24,1,11,1,5
Java,com.thealgorithms.dynamicprogramming,LongestAlternatingSubsequence,45,133,0,16,5,14,1,10,1,2
Java,com.thealgorithms.dynamicprogramming,LongestPalindromicSubstring,137,3,20,0,27,1,12,1,2,1
Java,com.thealgorithms.dynamicprogramming,MatrixChainMultiplication,369,13,32,0,67,3,21,2,5,2
Java,com.thealgorithms.dynamicprogramming,KadaneAlgorithm,2,42,1,5,0,7,1,4,0,2
Java,com.thealgorithms.dynamicprogramming,RodCutting,80,3,4,0,12,1,4,1,2,1
Java,com.thealgorithms.dynamicprogramming,BoundaryFill,291,91,0,12,9,17,1,11,1,5
Java,com.thealgorithms.dynamicprogramming,Matrix,0,21,0,0,0,8,0,4,0,4
Java,com.thealgorithms.dynamicprogramming,EggDropping,118,3,12,0,19,1,8,1,2,1
