GROUP,PACKAGE,CLASS,INSTRUCTION_MISSED,INSTRUCTION_COVERED,BRANCH_MISSED,BRANCH_COVERED,LINE_MISSED,LINE_COVERED,COMPLEXITY_MISSED,COMPLEXITY_COVERED,METHOD_MISSED,METHOD_COVERED
Java,com.thealgorithms.strings.zigZagPattern,zigZagPattern,5,91,2,12,1,20,3,6,1,1
Java,com.thealgorithms.datastructures.trees,Main,88,0,8,0,22,0,8,0,4,0
Java,com.thealgorithms.datastructures.trees,RedBlackBST.Node,30,0,0,0,5,0,1,0,1,0
Java,com.thealgorithms.datastructures.trees,VerticalOrderTraversal,206,0,14,0,39,0,10,0,3,0
Java,com.thealgorithms.datastructures.trees,BSTRecursive,406,0,70,0,101,0,50,0,15,0
Java,com.thealgorithms.datastructures.trees,CreateBinaryTreeFromInorderPreorder,381,0,8,0,56,0,9,0,5,0
Java,com.thealgorithms.datastructures.trees,Tree,97,0,10,0,24,0,8,0,3,0
Java,com.thealgorithms.datastructures.trees,AVLSimple.Node,12,0,0,0,4,0,1,0,1,0
Java,com.thealgorithms.datastructures.trees,Node,156,0,24,0,40,0,18,0,6,0
Java,com.thealgorithms.datastructures.trees,BSTRecursiveGeneric.Node,12,0,0,0,5,0,1,0,1,0
Java,com.thealgorithms.datastructures.trees,CheckIfBinaryTreeBalanced.BinaryTree,9,0,0,0,2,0,1,0,1,0
Java,com.thealgorithms.datastructures.trees,BSTIterative,528,0,92,0,140,0,55,0,9,0
Java,com.thealgorithms.datastructures.trees,AVLTree,538,0,74,0,126,0,54,0,17,0
Java,com.thealgorithms.datastructures.trees,AVLSimple,317,0,34,0,51,0,26,0,9,0
Java,com.thealgorithms.datastructures.trees,BSTRecursiveGeneric,557,0,96,0,130,0,65,0,17,0
Java,com.thealgorithms.datastructures.trees,QItem,9,0,0,0,4,0,1,0,1,0
Java,com.thealgorithms.datastructures.trees,CreateBSTFromSortedArray,147,0,2,0,21,0,5,0,4,0
Java,com.thealgorithms.datastructures.trees,LevelOrderTraversalQueue,47,0,6,0,12,0,5,0,2,0
Java,com.thealgorithms.datastructures.trees,NRKTree,56,0,6,0,17,0,6,0,3,0
Java,com.thealgorithms.datastructures.trees,BinaryTree,421,0,64,0,114,0,43,0,11,0
Java,com.thealgorithms.datastructures.trees,TrieImp.TrieNode,13,0,0,0,4,0,1,0,1,0
Java,com.thealgorithms.datastructures.trees,BSTRecursive.Node,12,0,0,0,5,0,1,0,1,0
Java,com.thealgorithms.datastructures.trees,RedBlackBST,926,0,104,0,226,0,66,0,14,0
Java,com.thealgorithms.datastructures.trees,ValidBSTOrNot.Node,15,0,0,0,4,0,1,0,1,0
Java,com.thealgorithms.datastructures.trees,TreeRandomNode,68,0,2,0,18,0,5,0,4,0
Java,com.thealgorithms.datastructures.trees,TreeNode,12,0,0,0,4,0,1,0,1,0
Java,com.thealgorithms.datastructures.trees,LCA,169,0,16,0,36,0,13,0,5,0
Java,com.thealgorithms.datastructures.trees,ValidBSTOrNot,47,0,10,0,9,0,8,0,3,0
Java,com.thealgorithms.datastructures.trees,GenericTree,492,0,42,0,94,0,42,0,21,0
Java,com.thealgorithms.datastructures.trees,LazySegmentTree,2,155,1,19,0,29,1,16,0,7
Java,com.thealgorithms.datastructures.trees,TreeTraversal,55,0,0,0,21,0,2,0,2,0
Java,com.thealgorithms.datastructures.trees,CeilInBinarySearchTree,33,0,8,0,9,0,6,0,2,0
Java,com.thealgorithms.datastructures.trees,AVLTree.Node,12,0,0,0,4,0,1,0,1,0
Java,com.thealgorithms.datastructures.trees,LevelOrderTraversal,76,0,10,0,18,0,9,0,4,0
Java,com.thealgorithms.datastructures.trees,TreeRandomNode.Node,15,0,0,0,4,0,1,0,1,0
Java,com.thealgorithms.datastructures.trees,BSTIterative.Node,12,0,0,0,5,0,1,0,1,0
Java,com.thealgorithms.datastructures.trees,LevelOrderTraversalQueue.Node,15,0,0,0,5,0,1,0,1,0
Java,com.thealgorithms.datastructures.trees,CheckIfBinaryTreeBalanced.BTNode,15,0,0,0,5,0,1,0,1,0
Java,com.thealgorithms.datastructures.trees,BinaryTree.Node,15,0,0,0,6,0,1,0,1,0
Java,com.thealgorithms.datastructures.trees,GenericTree.Node,11,0,0,0,2,0,1,0,1,0
Java,com.thealgorithms.datastructures.trees,LazySegmentTree.Node,4,112,5,9,0,27,4,10,0,7
Java,com.thealgorithms.datastructures.trees,TrieImp,228,0,29,0,71,0,23,0,7,0
Java,com.thealgorithms.datastructures.trees,LevelOrderTraversal.Node,15,0,0,0,4,0,1,0,1,0
Java,com.thealgorithms.datastructures.trees,PrintTopViewofTree,55,0,0,0,11,0,2,0,2,0
Java,com.thealgorithms.datastructures.trees,CheckIfBinaryTreeBalanced,403,0,24,0,81,0,19,0,7,0
Java,com.thealgorithms.datastructures.trees,FenwickTree,56,0,4,0,15,0,5,0,3,0
Java,com.thealgorithms.datastructures.trees,SegmentTree,254,0,26,0,42,0,19,0,6,0
Java,com.thealgorithms.devutils.nodes,SimpleNode,28,0,2,0,11,0,7,0,6,0
Java,com.thealgorithms.devutils.nodes,LargeTreeNode,38,0,4,0,13,0,9,0,7,0
Java,com.thealgorithms.devutils.nodes,Node,16,0,0,0,7,0,4,0,4,0
Java,com.thealgorithms.devutils.nodes,TreeNode,51,0,2,0,16,0,8,0,7,0
Java,com.thealgorithms.devutils.nodes,SimpleTreeNode,47,0,4,0,17,0,11,0,9,0
Java,com.thealgorithms.datastructures.buffers,CircularBuffer.CircularPointer,0,28,0,2,0,9,0,3,0,2
Java,com.thealgorithms.datastructures.buffers,CircularBuffer,0,83,0,8,0,18,0,9,0,5
Java,com.thealgorithms.conversions,BinaryToOctal,77,0,4,0,20,0,5,0,3,0
Java,com.thealgorithms.conversions,BinaryToHexadecimal,116,0,8,0,23,0,7,0,3,0
Java,com.thealgorithms.conversions,BinaryToDecimal,55,0,2,0,13,0,3,0,2,0
Java,com.thealgorithms.conversions,DecimalToAnyBase,123,0,8,0,25,0,8,0,4,0
Java,com.thealgorithms.conversions,RomanToInteger.new HashMap() {...},52,0,0,0,9,0,1,0,1,0
Java,com.thealgorithms.conversions,AnyBaseToAnyBase,354,0,28,0,50,0,18,0,4,0
Java,com.thealgorithms.conversions,RgbHsvConversion,936,0,146,0,97,0,81,0,8,0
Java,com.thealgorithms.conversions,HexaDecimalToBinary,118,0,4,0,14,0,6,0,4,0
Java,com.thealgorithms.conversions,RomanToInteger,80,0,8,0,19,0,8,0,4,0
Java,com.thealgorithms.conversions,HexToOct,96,0,4,0,26,0,6,0,4,0
Java,com.thealgorithms.conversions,OctalToDecimal,47,0,2,0,14,0,4,0,3,0
Java,com.thealgorithms.conversions,IntegerToRoman,165,0,6,0,14,0,7,0,4,0
Java,com.thealgorithms.conversions,TurkishToLatinConversion,165,0,2,0,13,0,4,0,3,0
Java,com.thealgorithms.conversions,DecimalToOctal,55,0,2,0,13,0,3,0,2,0
Java,com.thealgorithms.conversions,DecimalToBinary,112,0,4,0,26,0,6,0,4,0
Java,com.thealgorithms.conversions,OctalToHexadecimal,94,0,6,0,26,0,7,0,4,0
Java,com.thealgorithms.conversions,AnytoAny,69,0,4,0,18,0,4,0,2,0
Java,com.thealgorithms.conversions,HexaDecimalToDecimal,59,0,2,0,15,0,4,0,3,0
Java,com.thealgorithms.conversions,DecimalToHexaDecimal,135,0,2,0,16,0,5,0,4,0
Java,com.thealgorithms.conversions,AnyBaseToDecimal,161,0,32,0,19,0,21,0,5,0
Java,com.thealgorithms.matrixexponentiation,Fibonacci,221,0,16,0,32,0,13,0,5,0
Java,com.thealgorithms.strings,Isomorphic,76,0,10,0,14,0,7,0,2,0
Java,com.thealgorithms.strings,Anagrams,49,267,8,24,19,39,9,13,1,5
Java,com.thealgorithms.strings,WordLadder,170,0,18,0,38,0,12,0,3,0
Java,com.thealgorithms.strings,HorspoolSearch,160,0,18,0,37,0,19,0,10,0
Java,com.thealgorithms.strings,Pangram,42,67,18,12,5,10,12,7,2,2
Java,com.thealgorithms.strings,Palindrome,106,82,27,15,13,13,19,8,2,4
Java,com.thealgorithms.strings,Lower,92,0,14,0,12,0,11,0,4,0
Java,com.thealgorithms.strings,Upper,55,45,9,9,5,9,8,5,2,2
Java,com.thealgorithms.strings,CheckVowels,62,0,6,0,10,0,6,0,3,0
Java,com.thealgorithms.strings,CharactersSame,42,27,17,5,5,5,11,4,2,2
Java,com.thealgorithms.strings,CheckAnagrams,38,100,14,10,5,19,10,6,2,2
Java,com.thealgorithms.strings,HammingDistance,3,32,0,6,1,8,1,4,1,1
Java,com.thealgorithms.strings,Alphabetical,51,37,21,7,6,8,13,5,2,2
Java,com.thealgorithms.strings,ReverseString,83,0,16,0,13,0,13,0,5,0
Java,com.thealgorithms.strings,Rotation,99,0,12,0,19,0,12,0,6,0
Java,com.thealgorithms.strings,PermuteString,69,0,4,0,18,0,6,0,4,0
Java,com.thealgorithms.strings,longestNonRepeativeSubstring,3,93,0,16,1,20,1,9,1,1
Java,com.thealgorithms.strings,Solution,83,0,16,0,16,0,11,0,3,0
Java,com.thealgorithms.strings,List_all_Possible_Words_From_Phone_Digits,285,0,4,0,29,0,7,0,5,0
Java,com.thealgorithms.strings,LongestPalindromicSubstring,33,0,0,0,9,0,2,0,2,0
Java,com.thealgorithms.datastructures.queues,PriorityQueues,38,0,2,0,9,0,3,0,2,0
Java,com.thealgorithms.datastructures.queues,Deques.DequeNode,15,0,0,0,5,0,1,0,1,0
Java,com.thealgorithms.datastructures.queues,GenericArrayListQueue,182,0,52,0,27,0,33,0,7,0
Java,com.thealgorithms.datastructures.queues,Queues,48,0,0,0,13,0,2,0,2,0
Java,com.thealgorithms.datastructures.queues,Queue,155,0,10,0,34,0,15,0,10,0
Java,com.thealgorithms.datastructures.queues,LinkedQueue,249,0,42,0,54,0,32,0,11,0
Java,com.thealgorithms.datastructures.queues,LinkedQueue.Node,23,0,0,0,8,0,3,0,3,0
Java,com.thealgorithms.datastructures.queues,PriorityQueue,98,0,10,0,19,0,12,0,7,0
Java,com.thealgorithms.datastructures.queues,Deques,348,0,26,0,83,0,24,0,11,0
Java,com.thealgorithms.datastructures.queues,CircularQueue,265,0,22,0,67,0,19,0,8,0
Java,com.thealgorithms.datastructures.graphs,BellmanFord.Edge,15,0,0,0,5,0,1,0,1,0
Java,com.thealgorithms.datastructures.graphs,Kruskal,318,0,20,0,57,0,16,0,6,0
Java,com.thealgorithms.datastructures.graphs,AdjacencyListGraph.Vertex,66,0,8,0,14,0,7,0,3,0
Java,com.thealgorithms.datastructures.graphs,HamiltonianCycle,2,189,2,20,1,31,2,13,0,4
Java,com.thealgorithms.datastructures.graphs,AdjacencyList,109,0,6,0,21,0,8,0,5,0
Java,com.thealgorithms.datastructures.graphs,BipartiteGrapfDFS,195,0,24,0,40,0,16,0,4,0
Java,com.thealgorithms.datastructures.graphs,A_Star.PathAndDistance,45,0,2,0,12,0,6,0,5,0
Java,com.thealgorithms.datastructures.graphs,Graphs,123,0,34,0,12,0,20,0,3,0
Java,com.thealgorithms.datastructures.graphs,Cycles,12,0,0,0,5,0,2,0,2,0
Java,com.thealgorithms.datastructures.graphs,FloydWarshall,248,0,26,0,49,0,16,0,3,0
Java,com.thealgorithms.datastructures.graphs,A_Star.Edge,21,0,0,0,8,0,4,0,4,0
Java,com.thealgorithms.datastructures.graphs,Graph.Edge,12,0,0,0,4,0,1,0,1,0
Java,com.thealgorithms.datastructures.graphs,KahnsAlgorithm,59,0,2,0,13,0,3,0,2,0
Java,com.thealgorithms.datastructures.graphs,A_Star,714,0,14,0,108,0,12,0,5,0
Java,com.thealgorithms.datastructures.graphs,Graph,153,0,20,0,34,0,14,0,4,0
Java,com.thealgorithms.datastructures.graphs,ConnectedComponent,130,0,0,0,24,0,2,0,2,0
Java,com.thealgorithms.datastructures.graphs,TopologicalSort,161,0,16,0,32,0,11,0,3,0
Java,com.thealgorithms.datastructures.graphs,Kruskal.Edge,12,0,0,0,5,0,1,0,1,0
Java,com.thealgorithms.datastructures.graphs,AdjacencyListGraph,165,0,24,0,41,0,16,0,4,0
Java,com.thealgorithms.datastructures.graphs,A_Star.Graph,63,0,2,0,11,0,4,0,3,0
Java,com.thealgorithms.datastructures.graphs,BellmanFord,480,0,44,0,80,0,29,0,7,0
Java,com.thealgorithms.datastructures.graphs,Graph.Node,9,0,0,0,3,0,1,0,1,0
Java,com.thealgorithms.datastructures.graphs,dijkstras,545,0,22,0,31,0,16,0,5,0
Java,com.thealgorithms.datastructures.graphs,Cycle,237,0,22,0,43,0,15,0,4,0
Java,com.thealgorithms.datastructures.graphs,MatrixGraphs,96,0,0,0,22,0,2,0,2,0
Java,com.thealgorithms.datastructures.graphs,AdjacencyMatrixGraph,391,0,54,0,85,0,43,0,16,0
Java,com.thealgorithms.datastructures.graphs,PrimMST,298,0,20,0,35,0,15,0,5,0
Java,com.thealgorithms.datastructures.bags,Bag,121,0,8,0,30,0,11,0,7,0
Java,com.thealgorithms.datastructures.bags,Bag.ListIterator,38,0,4,0,10,0,6,0,4,0
Java,com.thealgorithms.datastructures.hashmap.hashing,GenericHashMapUsingArray.Node,0,12,0,0,0,4,0,1,0,1
Java,com.thealgorithms.datastructures.hashmap.hashing,GenericHashMapUsingArray,128,166,15,11,27,36,12,11,2,8
Java,com.thealgorithms.datastructures.hashmap.hashing,HashMapCuckooHashing,190,364,25,37,36,79,21,23,1,12
Java,com.thealgorithms.datastructures.hashmap.hashing,Main,63,0,5,0,23,0,6,0,2,0
Java,com.thealgorithms.datastructures.hashmap.hashing,GenericHashMapUsingArrayList.Node,0,12,0,0,0,4,0,1,0,1
Java,com.thealgorithms.datastructures.hashmap.hashing,HashMap,87,0,6,0,20,0,8,0,5,0
Java,com.thealgorithms.datastructures.hashmap.hashing,MainCuckooHashing,115,0,8,0,37,0,9,0,2,0
Java,com.thealgorithms.datastructures.hashmap.hashing,MainLinearProbing,94,0,7,0,32,0,8,0,2,0
Java,com.thealgorithms.datastructures.hashmap.hashing,GenericHashMapUsingArrayList,132,166,17,11,30,32,13,9,2,6
Java,com.thealgorithms.datastructures.hashmap.hashing,HashMapLinearProbing,387,0,48,0,82,0,34,0,10,0
Java,com.thealgorithms.datastructures.hashmap.hashing,HashMap.Node,19,0,0,0,8,0,4,0,4,0
Java,com.thealgorithms.datastructures.hashmap.hashing,Intersection,102,0,16,0,11,0,9,0,1,0
Java,com.thealgorithms.datastructures.hashmap.hashing,HashMap.LinkedList,159,0,22,0,42,0,21,0,10,0
Java,com.thealgorithms.datastructures.caches,MRUCache,50,171,8,14,13,53,9,11,1,8
Java,com.thealgorithms.datastructures.caches,LFUCache.Node,0,15,0,0,0,5,0,1,0,1
Java,com.thealgorithms.datastructures.caches,LRUCache.Entry,15,31,0,0,6,13,1,9,1,9
Java,com.thealgorithms.datastructures.caches,LRUCache,50,171,8,14,13,53,9,11,1,8
Java,com.thealgorithms.datastructures.caches,LFUCache,52,183,5,17,14,47,6,11,1,5
Java,com.thealgorithms.datastructures.caches,MRUCache.Entry,15,31,0,0,6,13,1,9,1,9
Java,com.thealgorithms.divideandconquer,SkylineAlgorithm.XComparator,12,0,0,0,2,0,2,0,2,0
Java,com.thealgorithms.divideandconquer,BinaryExponentiation,37,0,4,0,10,0,5,0,3,0
Java,com.thealgorithms.divideandconquer,StrassenMatrixMultiplication,655,0,22,0,69,0,18,0,7,0
Java,com.thealgorithms.divideandconquer,SkylineAlgorithm.Point,39,0,8,0,7,0,8,0,4,0
Java,com.thealgorithms.divideandconquer,ClosestPair.Location,9,0,0,0,4,0,1,0,1,0
Java,com.thealgorithms.divideandconquer,ClosestPair,780,0,52,0,141,0,39,0,13,0
Java,com.thealgorithms.divideandconquer,SkylineAlgorithm,201,0,28,0,40,0,18,0,4,0
Java,com.thealgorithms.datastructures.stacks,StackOfLinkedList,81,0,10,0,14,0,8,0,3,0
Java,com.thealgorithms.datastructures.stacks,StackArrayList,156,0,36,0,29,0,26,0,8,0
Java,com.thealgorithms.datastructures.stacks,ReverseStack,104,0,8,0,30,0,8,0,4,0
Java,com.thealgorithms.datastructures.stacks,MaximumMinimumWindow,289,0,34,0,37,0,21,0,4,0
Java,com.thealgorithms.datastructures.stacks,LinkedListStack,111,0,8,0,30,0,11,0,7,0
Java,com.thealgorithms.datastructures.stacks,PostfixToInfix,230,0,50,0,51,0,31,0,6,0
Java,com.thealgorithms.datastructures.stacks,BalancedBrackets,168,0,27,0,22,0,19,0,5,0
Java,com.thealgorithms.datastructures.stacks,DuplicateBrackets,69,0,10,0,17,0,8,0,3,0
Java,com.thealgorithms.datastructures.stacks,NextSmallerElement,104,0,10,0,17,0,8,0,3,0
Java,com.thealgorithms.datastructures.stacks,CalculateMaxOfMin,82,0,4,0,20,0,4,0,2,0
Java,com.thealgorithms.datastructures.stacks,InfixToPostfix,161,0,38,0,31,0,25,0,5,0
Java,com.thealgorithms.datastructures.stacks,Node,9,0,0,0,4,0,1,0,1,0
Java,com.thealgorithms.datastructures.stacks,NextGraterElement,92,0,8,0,14,0,7,0,3,0
Java,com.thealgorithms.datastructures.stacks,NodeStack,186,0,6,0,57,0,23,0,20,0
Java,com.thealgorithms.datastructures.stacks,LargestRectangle,157,0,18,0,20,0,13,0,4,0
Java,com.thealgorithms.datastructures.stacks,DecimalToAnyUsingStack,198,0,30,0,21,0,19,0,4,0
Java,com.thealgorithms.datastructures.stacks,StackArray,249,0,48,0,50,0,36,0,12,0
Java,com.thealgorithms.misc,Sparcity,101,0,10,0,19,0,8,0,3,0
Java,com.thealgorithms.misc,ColorContrastRatio,208,0,30,0,34,0,23,0,8,0
Java,com.thealgorithms.misc,Trie,62,0,4,0,14,0,4,0,2,0
Java,com.thealgorithms.misc,WordBoggle,746,0,44,0,51,0,28,0,6,0
Java,com.thealgorithms.misc,PalindromePrime,93,0,14,0,28,0,12,0,5,0
Java,com.thealgorithms.misc,RangeInSortedArray,393,0,52,0,55,0,34,0,8,0
Java,com.thealgorithms.misc,matrixTranspose,117,0,12,0,22,0,8,0,2,0
Java,com.thealgorithms.misc,InverseOfMatrix,436,0,40,0,66,0,24,0,4,0
Java,com.thealgorithms.misc,TrieNode,11,0,0,0,3,0,1,0,1,0
Java,com.thealgorithms.misc,Sort012D,104,0,10,0,30,0,9,0,3,0
Java,com.thealgorithms.misc,MedianOfRunningArray,143,0,8,0,17,0,8,0,4,0
Java,com.thealgorithms.misc,ThreeSumProblem,376,0,28,0,68,0,19,0,5,0
Java,com.thealgorithms.misc,TwoSumProblem,306,0,26,0,63,0,20,0,7,0
Java,com.thealgorithms.misc,PalindromeSinglyLinkedList,79,0,8,0,20,0,7,0,3,0
Java,com.thealgorithms.audiofilters,IIRFilter,215,0,14,0,31,0,10,0,3,0
Java,com.thealgorithms.datastructures.disjointsets,Node,9,0,0,0,4,0,1,0,1,0
Java,com.thealgorithms.datastructures.disjointsets,DisjointSets,61,0,8,0,16,0,8,0,4,0
Java,com.thealgorithms.datastructures.dynamicarray,DynamicArray.DynamicArrayIterator,90,0,10,0,18,0,10,0,5,0
Java,com.thealgorithms.datastructures.dynamicarray,DynamicArray,215,0,14,0,50,0,22,0,15,0
Java,com.thealgorithms.datastructures.lists,SkipList.Node,4,65,2,2,1,17,2,7,0,7
Java,com.thealgorithms.datastructures.lists,CreateAndDetectLoop,140,0,18,0,44,0,14,0,5,0
Java,com.thealgorithms.datastructures.lists,Node,17,0,0,0,7,0,3,0,3,0
Java,com.thealgorithms.datastructures.lists,SkipList.BernoulliHeightStrategy,32,58,6,4,7,14,5,5,1,4
Java,com.thealgorithms.datastructures.lists,Link,106,0,0,0,37,0,3,0,3,0
Java,com.thealgorithms.datastructures.lists,RandomNode,110,0,2,0,21,0,5,0,4,0
Java,com.thealgorithms.datastructures.lists,CircleLinkedList,213,0,16,0,50,0,14,0,6,0
Java,com.thealgorithms.datastructures.lists,Merge_K_SortedLinkedlist.Node,12,0,0,0,4,0,1,0,1,0
Java,com.thealgorithms.datastructures.lists,MergeSortedSinglyLinkedList,131,0,26,0,29,0,17,0,4,0
Java,com.thealgorithms.datastructures.lists,SkipList,2,388,2,40,1,92,2,29,0,10
Java,com.thealgorithms.datastructures.lists,DoublyLinkedList,81,0,10,0,25,0,10,0,5,0
Java,com.thealgorithms.datastructures.lists,RandomNode.ListNode,6,0,0,0,3,0,1,0,1,0
Java,com.thealgorithms.datastructures.lists,SinglyLinkedList,723,0,126,0,186,0,88,0,25,0
Java,com.thealgorithms.datastructures.lists,CountSinglyLinkedListRecursion,52,0,10,0,8,0,10,0,5,0
Java,com.thealgorithms.datastructures.lists,Merge_K_SortedLinkedlist,55,0,4,0,15,0,5,0,3,0
Java,com.thealgorithms.datastructures.lists,CursorLinkedList.Node,9,0,0,0,4,0,1,0,1,0
Java,com.thealgorithms.datastructures.lists,CircleLinkedList.Node,9,0,0,0,4,0,1,0,1,0
Java,com.thealgorithms.datastructures.lists,MergeSortedArrayList,133,0,12,0,23,0,9,0,3,0
Java,com.thealgorithms.datastructures.lists,SearchSinglyLinkedListRecursion,79,0,22,0,11,0,16,0,5,0
Java,com.thealgorithms.datastructures.lists,CursorLinkedList,348,0,34,0,83,0,26,0,9,0
Java,com.thealgorithms.datastructures.lists,LinkOperations,412,0,44,0,111,0,34,0,12,0
Java,com.thealgorithms.devutils.entities,ProcessDetails,15,32,0,0,7,13,4,7,4,7
Java,com.thealgorithms.scheduling,FCFSScheduling,1,93,1,5,1,19,1,6,0,4
Java,com.thealgorithms.datastructures.bloomfilter,BloomFilter,2,98,1,7,1,17,1,7,0,4
Java,com.thealgorithms.datastructures.bloomfilter,BloomFilter.Hash,0,35,0,2,0,8,0,4,0,3
Java,com.thealgorithms.backtracking,Permutation,3,61,0,4,1,15,1,5,1,3
Java,com.thealgorithms.backtracking,Combination,3,95,0,10,1,19,1,7,1,2
Java,com.thealgorithms.backtracking,KnightsTour,435,0,46,0,59,0,31,0,8,0
Java,com.thealgorithms.backtracking,KnightsTour.new Comparator() {...},11,0,0,0,2,0,2,0,2,0
Java,com.thealgorithms.backtracking,NQueens,169,0,20,0,37,0,17,0,7,0
Java,com.thealgorithms.backtracking,FloodFill,3,114,0,10,1,16,1,8,1,3
Java,com.thealgorithms.backtracking,MazeRecursion,242,91,28,16,42,20,17,9,2,2
Java,com.thealgorithms.backtracking,PowerSum,128,0,6,0,25,0,8,0,5,0
Java,com.thealgorithms.minimizinglateness,MinimizingLateness,140,0,8,0,30,0,6,0,2,0
Java,com.thealgorithms.minimizinglateness,MinimizingLateness.Schedule,21,0,0,0,8,0,1,0,1,0
Java,com.thealgorithms.datastructures.heaps,EmptyHeapException,4,0,0,0,2,0,1,0,1,0
Java,com.thealgorithms.datastructures.heaps,FibonacciHeap.HeapNode,18,44,4,0,6,14,5,4,3,4
Java,com.thealgorithms.datastructures.heaps,HeapElement,155,0,10,0,47,0,18,0,13,0
Java,com.thealgorithms.datastructures.heaps,MaxHeap,387,0,48,0,70,0,34,0,10,0
Java,com.thealgorithms.datastructures.heaps,MinPriorityQueue,362,0,36,0,68,0,28,0,10,0
Java,com.thealgorithms.datastructures.heaps,MinHeap,389,0,48,0,70,0,34,0,10,0
Java,com.thealgorithms.datastructures.heaps,FibonacciHeap,354,273,35,23,88,67,31,20,10,12
Java,com.thealgorithms.datastructures.heaps,GenericHeap,229,0,14,0,48,0,19,0,12,0
Java,com.thealgorithms.dynamicprogramming,PalindromicPartitioning,192,0,24,0,30,0,15,0,3,0
Java,com.thealgorithms.dynamicprogramming,LongestIncreasingSubsequence,217,0,26,0,53,0,19,0,6,0
Java,com.thealgorithms.dynamicprogramming,Knapsack,143,0,14,0,18,0,10,0,3,0
Java,com.thealgorithms.dynamicprogramming,LevenshteinDistance,154,0,18,0,26,0,13,0,4,0
Java,com.thealgorithms.dynamicprogramming,CountFriendsPairing,55,0,6,0,9,0,5,0,2,0
Java,com.thealgorithms.dynamicprogramming,SubsetSum,196,0,32,0,20,0,20,0,4,0
Java,com.thealgorithms.dynamicprogramming,MemoizationTechniqueKnapsack,169,0,14,0,23,0,12,0,5,0
Java,com.thealgorithms.dynamicprogramming,MinimumPathSum,302,0,10,0,26,0,11,0,6,0
Java,com.thealgorithms.dynamicprogramming,MatrixChainRecursiveTopDownMemoisation,155,0,12,0,23,0,10,0,4,0
Java,com.thealgorithms.dynamicprogramming,RegexMatching,519,0,102,0,94,0,57,0,6,0
Java,com.thealgorithms.dynamicprogramming,WineProblem,302,0,12,0,38,0,11,0,5,0
Java,com.thealgorithms.dynamicprogramming,MinimumSumPartition,297,0,40,0,35,0,26,0,6,0
Java,com.thealgorithms.dynamicprogramming,UniquePaths,124,0,16,0,16,0,11,0,3,0
Java,com.thealgorithms.dynamicprogramming,EditDistance,311,0,22,0,51,0,16,0,5,0
Java,com.thealgorithms.dynamicprogramming,ShortestSuperSequence,125,0,10,0,19,0,9,0,4,0
Java,com.thealgorithms.dynamicprogramming,LongestPalindromicSubsequence,138,0,8,0,31,0,8,0,4,0
Java,com.thealgorithms.dynamicprogramming,BoardPath,126,0,20,0,31,0,16,0,6,0
Java,com.thealgorithms.dynamicprogramming,LongestCommonSubsequence,267,0,30,0,38,0,19,0,4,0
Java,com.thealgorithms.dynamicprogramming,CatalanNumber,82,0,4,0,15,0,5,0,3,0
Java,com.thealgorithms.dynamicprogramming,CoinChange,197,0,18,0,29,0,14,0,5,0
Java,com.thealgorithms.dynamicprogramming,LongestValidParentheses,149,0,22,0,26,0,14,0,3,0
Java,com.thealgorithms.dynamicprogramming,DyanamicProgrammingKnapsack,144,0,12,0,18,0,10,0,4,0
Java,com.thealgorithms.dynamicprogramming,BruteForceKnapsack,102,0,8,0,15,0,8,0,4,0
Java,com.thealgorithms.dynamicprogramming,DP,105,0,12,0,15,0,9,0,3,0
Java,com.thealgorithms.dynamicprogramming,NewManShanksPrime,48,0,4,0,6,0,4,0,2,0
Java,com.thealgorithms.dynamicprogramming,KnapsackMemoization,208,0,12,0,25,0,10,0,4,0
Java,com.thealgorithms.dynamicprogramming,Sum_Of_Subset,80,0,12,0,14,0,9,0,3,0
Java,com.thealgorithms.dynamicprogramming,Fibonacci,142,0,12,0,31,0,12,0,6,0
Java,com.thealgorithms.dynamicprogramming,LongestAlternatingSubsequence,184,0,16,0,19,0,11,0,3,0
Java,com.thealgorithms.dynamicprogramming,LongestPalindromicSubstring,154,0,20,0,28,0,13,0,3,0
Java,com.thealgorithms.dynamicprogramming,MatrixChainMultiplication,402,0,32,0,70,0,23,0,7,0
Java,com.thealgorithms.dynamicprogramming,KadaneAlgorithm,44,0,6,0,7,0,5,0,2,0
Java,com.thealgorithms.dynamicprogramming,RodCutting,89,0,4,0,13,0,5,0,3,0
Java,com.thealgorithms.dynamicprogramming,BoundaryFill,388,0,12,0,26,0,12,0,6,0
Java,com.thealgorithms.dynamicprogramming,FordFulkerson,300,0,18,0,52,0,12,0,3,0
Java,com.thealgorithms.dynamicprogramming,Matrix,21,0,0,0,8,0,4,0,4,0
Java,com.thealgorithms.dynamicprogramming,EggDropping,121,0,12,0,20,0,9,0,3,0
