GROUP,PACKAGE,CLASS,INSTRUCTION_MISSED,INSTRUCTION_COVERED,BRANCH_MISSED,BRANCH_COVERED,LINE_MISSED,LINE_COVERED,COMPLEXITY_MISSED,COMPLEXITY_COVERED,METHOD_MISSED,METHOD_COVERED
javaturorial,cn.byhieg.annotationstutorial,AMethodProcess,12,60,2,6,3,11,3,3,1,1
javaturorial,cn.byhieg.annotationstutorial,AConstructorProcess,8,50,2,4,2,12,3,2,1,1
javaturorial,cn.byhieg.annotationstutorial,APTProcessor,303,0,6,0,45,0,8,0,5,0
javaturorial,cn.byhieg.annotationstutorial,User,0,22,0,0,0,5,0,3,0,3
javaturorial,cn.byhieg.designpatterntutorial.singleton,SimpleSingleton,8,0,2,0,3,0,2,0,1,0
javaturorial,cn.byhieg.designpatterntutorial.singleton,DCLSingleton,17,0,4,0,6,0,3,0,1,0
javaturorial,cn.byhieg.designpatterntutorial.singleton,HungrySingleton,5,0,0,0,1,0,1,0,1,0
javaturorial,cn.byhieg.designpatterntutorial.singleton,StaticSingleton.Holder,6,0,0,0,1,0,1,0,1,0
javaturorial,cn.byhieg.designpatterntutorial.singleton,StaticSingleton,2,0,0,0,1,0,1,0,1,0
javaturorial,cn.byhieg.designpatterntutorial.singleton,EnumSingleton,20,0,0,0,3,0,3,0,3,0
javaturorial,cn.byhieg.designpatterntutorial.builder,Person.Builder,0,28,0,0,0,10,0,6,0,6
javaturorial,cn.byhieg.designpatterntutorial.builder,SimpleDialog.Builder,6,73,0,0,2,15,1,6,1,6
javaturorial,cn.byhieg.designpatterntutorial.builder,SimpleDialogController,19,19,0,0,7,9,6,5,6,5
javaturorial,cn.byhieg.designpatterntutorial.builder,SimpleDialog,25,8,0,0,10,3,5,1,5,1
javaturorial,cn.byhieg.designpatterntutorial.builder,Person,12,44,0,0,4,7,4,2,4,2
javaturorial,cn.byhieg.designpatterntutorial.builder,SimpleDialogController.DialogParams,4,35,5,5,1,11,5,2,0,2
javaturorial,cn.byhieg.collectiontutorial.listtutorial,SimpleLinkedList.Node,0,12,0,0,0,5,0,1,0,1
javaturorial,cn.byhieg.collectiontutorial.listtutorial,SimpleLinkedList,118,139,22,12,34,42,19,12,4,10
javaturorial,cn.byhieg.collectiontutorial.listtutorial,LinkedListDemo,4,11,0,0,2,3,1,2,1,2
javaturorial,cn.byhieg.collectiontutorial.listtutorial,ArrayListDemo,3,27,0,0,1,7,1,4,1,4
javaturorial,cn.byhieg.collectiontutorial.listtutorial,SimpleArrayList,101,163,27,11,20,38,22,12,4,11
javaturorial,cn.byhieg.iotutorial.charsetstreamio,FileReaderExample,29,3,2,0,5,1,2,1,1,1
javaturorial,cn.byhieg.iotutorial.charsetstreamio,FileWriterExample,27,3,2,0,4,1,2,1,1,1
javaturorial,cn.byhieg.iotutorial.charsetstreamio,InputStreamReaderExample,35,3,2,0,5,1,2,1,1,1
javaturorial,cn.byhieg.iotutorial.charsetstreamio,BufferedWriterExample,32,3,2,0,5,1,2,1,1,1
javaturorial,cn.byhieg.iotutorial.charsetstreamio,BufferedReaderExample,29,3,2,0,4,1,2,1,1,1
javaturorial,cn.byhieg.iotutorial.charsetstreamio,OutputStreamWriterExample,33,3,2,0,5,1,2,1,1,1
javaturorial,cn.byhieg.bitoperatetutorial,BitOperate,0,14,0,0,0,3,0,2,0,2
javaturorial,cn.byhieg.collectiontutorial.maptutorial,TreeMapExample,0,312,0,8,0,52,0,13,0,9
javaturorial,cn.byhieg.collectiontutorial.maptutorial,HashMapExample,7,73,0,4,2,12,1,5,1,3
javaturorial,cn.byhieg.collectiontutorial.maptutorial,LinkedHashMapExample,0,74,0,4,0,12,0,5,0,3
javaturorial,cn.byhieg.iotutorial.bytestreamio,BufferdOutputStreamExample,44,5,2,0,6,2,1,2,0,2
javaturorial,cn.byhieg.iotutorial.bytestreamio,BufferdInputStreamExample,37,5,2,0,7,2,1,2,0,2
javaturorial,cn.byhieg.iotutorial.bytestreamio,ByteArrayOutPutStreamExample,31,3,2,0,8,1,2,1,1,1
javaturorial,cn.byhieg.iotutorial.bytestreamio,ByteArrayInputStreamExample,0,90,0,6,0,21,0,6,0,3
javaturorial,cn.byhieg.iotutorial.bytestreamio,FileInputStreamExample,34,5,2,0,7,2,1,2,0,2
javaturorial,cn.byhieg.iotutorial.bytestreamio,FileOutputStreamExample,41,5,2,0,6,2,1,2,0,2
javaturorial,cn.byhieg.designpatterntutorial.proxy.staticproxy,ProxySubject,10,0,0,0,5,0,2,0,2,0
javaturorial,cn.byhieg.designpatterntutorial.proxy.staticproxy,RealSubject,11,0,0,0,4,0,2,0,2,0
javaturorial,cn.byhieg.designpatterntutorial.proxy.staticproxy,Client,13,0,0,0,4,0,2,0,2,0
javaturorial,cn.byhieg.reflectiontutorial,AnnotationObject,8,0,0,0,4,0,3,0,3,0
javaturorial,cn.byhieg.reflectiontutorial,MyList,21,0,0,0,7,0,5,0,5,0
javaturorial,cn.byhieg.reflectiontutorial,GenericObject,10,0,0,0,4,0,3,0,3,0
javaturorial,cn.byhieg.reflectiontutorial,ExampleObject,42,30,0,0,15,9,9,3,9,3
javaturorial,cn.byhieg.reflectiontutorial,ArrayObject,50,0,4,0,10,0,4,0,2,0
javaturorial,cn.byhieg.reflectiontutorial,FatherObject,4,6,0,0,2,2,1,1,1,1
javaturorial,cn.byhieg.algorithmtutorial,SingleLinkList.Node,0,6,0,0,0,3,0,1,0,1
javaturorial,cn.byhieg.algorithmtutorial,RedBlackTree.Node,64,0,2,0,27,0,16,0,15,0
javaturorial,cn.byhieg.algorithmtutorial,BinarySearchTree.Node,0,6,0,0,0,3,0,1,0,1
javaturorial,cn.byhieg.algorithmtutorial,RedBlackTree,322,0,48,0,96,0,33,0,9,0
javaturorial,cn.byhieg.algorithmtutorial,Find,114,17,17,1,28,6,11,2,2,2
javaturorial,cn.byhieg.algorithmtutorial,BinarySearchTree,167,434,35,57,46,105,30,32,6,10
javaturorial,cn.byhieg.algorithmtutorial,BinaryTree.Node,0,12,0,0,0,5,0,1,0,1
javaturorial,cn.byhieg.algorithmtutorial,GraphMatrix,0,450,0,44,0,69,0,27,0,5
javaturorial,cn.byhieg.algorithmtutorial,BinaryTree,71,357,29,55,17,93,20,37,3,12
javaturorial,cn.byhieg.algorithmtutorial,Sort,482,124,64,12,107,26,43,10,11,4
javaturorial,cn.byhieg.algorithmtutorial,SingleLinkList,31,91,6,10,10,30,5,10,1,6
javaturorial,cn.byhieg.algorithmtutorial,GraphMatrix.Weight,0,10,0,0,0,5,0,2,0,2
javaturorial,cn.byhieg.designpatterntutorial.proxy.dynamicproxy,DynamicProxy,14,0,0,0,5,0,2,0,2,0
javaturorial,cn.byhieg.designpatterntutorial.proxy.dynamicproxy,RealSubject,11,0,0,0,4,0,2,0,2,0
javaturorial,cn.byhieg.designpatterntutorial.proxy.dynamicproxy,Client,30,0,0,0,7,0,2,0,2,0
